[0.015s] Invoking command in '/home/qiu/ros2024/chapter2_ws/build/qiu_1cpp_pkg': CMAKE_PREFIX_PATH=${CMAKE_PREFIX_PATH}:/home/qiu/ros2024/chapter2_ws/install/qiu_second_node_pkg:/home/qiu/ros2024/chapter2_ws/install/qiu_firt_node_pkg:/opt/ros/foxy CONDA_PROMPT_MODIFIER=(base) /usr/bin/cmake --build /home/qiu/ros2024/chapter2_ws/build/qiu_1cpp_pkg -- -j16 -l16
[0.150s] [100%] Built target ros2_cpp_node
[0.282s] Invoked command in '/home/qiu/ros2024/chapter2_ws/build/qiu_1cpp_pkg' returned '0': CMAKE_PREFIX_PATH=${CMAKE_PREFIX_PATH}:/home/qiu/ros2024/chapter2_ws/install/qiu_second_node_pkg:/home/qiu/ros2024/chapter2_ws/install/qiu_firt_node_pkg:/opt/ros/foxy CONDA_PROMPT_MODIFIER=(base) /usr/bin/cmake --build /home/qiu/ros2024/chapter2_ws/build/qiu_1cpp_pkg -- -j16 -l16
[0.304s] Invoking command in '/home/qiu/ros2024/chapter2_ws/build/qiu_1cpp_pkg': CMAKE_PREFIX_PATH=${CMAKE_PREFIX_PATH}:/home/qiu/ros2024/chapter2_ws/install/qiu_second_node_pkg:/home/qiu/ros2024/chapter2_ws/install/qiu_firt_node_pkg:/opt/ros/foxy CONDA_PROMPT_MODIFIER=(base) /usr/bin/cmake --install /home/qiu/ros2024/chapter2_ws/build/qiu_1cpp_pkg
[0.310s] -- Install configuration: ""
[0.310s] -- Up-to-date: /home/qiu/ros2024/chapter2_ws/install/qiu_1cpp_pkg/lib/qiu_1cpp_pkg/ros2_cpp_node
[0.310s] -- Up-to-date: /home/qiu/ros2024/chapter2_ws/install/qiu_1cpp_pkg/share/ament_index/resource_index/package_run_dependencies/qiu_1cpp_pkg
[0.310s] -- Up-to-date: /home/qiu/ros2024/chapter2_ws/install/qiu_1cpp_pkg/share/ament_index/resource_index/parent_prefix_path/qiu_1cpp_pkg
[0.310s] -- Up-to-date: /home/qiu/ros2024/chapter2_ws/install/qiu_1cpp_pkg/share/qiu_1cpp_pkg/environment/ament_prefix_path.sh
[0.310s] -- Up-to-date: /home/qiu/ros2024/chapter2_ws/install/qiu_1cpp_pkg/share/qiu_1cpp_pkg/environment/ament_prefix_path.dsv
[0.310s] -- Up-to-date: /home/qiu/ros2024/chapter2_ws/install/qiu_1cpp_pkg/share/qiu_1cpp_pkg/environment/path.sh
[0.310s] -- Up-to-date: /home/qiu/ros2024/chapter2_ws/install/qiu_1cpp_pkg/share/qiu_1cpp_pkg/environment/path.dsv
[0.310s] -- Up-to-date: /home/qiu/ros2024/chapter2_ws/install/qiu_1cpp_pkg/share/qiu_1cpp_pkg/local_setup.bash
[0.310s] -- Up-to-date: /home/qiu/ros2024/chapter2_ws/install/qiu_1cpp_pkg/share/qiu_1cpp_pkg/local_setup.sh
[0.310s] -- Up-to-date: /home/qiu/ros2024/chapter2_ws/install/qiu_1cpp_pkg/share/qiu_1cpp_pkg/local_setup.zsh
[0.310s] -- Up-to-date: /home/qiu/ros2024/chapter2_ws/install/qiu_1cpp_pkg/share/qiu_1cpp_pkg/local_setup.dsv
[0.310s] -- Installing: /home/qiu/ros2024/chapter2_ws/install/qiu_1cpp_pkg/share/qiu_1cpp_pkg/package.dsv
[0.310s] -- Up-to-date: /home/qiu/ros2024/chapter2_ws/install/qiu_1cpp_pkg/share/ament_index/resource_index/packages/qiu_1cpp_pkg
[0.310s] -- Up-to-date: /home/qiu/ros2024/chapter2_ws/install/qiu_1cpp_pkg/share/qiu_1cpp_pkg/cmake/qiu_1cpp_pkgConfig.cmake
[0.310s] -- Up-to-date: /home/qiu/ros2024/chapter2_ws/install/qiu_1cpp_pkg/share/qiu_1cpp_pkg/cmake/qiu_1cpp_pkgConfig-version.cmake
[0.310s] -- Up-to-date: /home/qiu/ros2024/chapter2_ws/install/qiu_1cpp_pkg/share/qiu_1cpp_pkg/package.xml
[0.311s] Invoked command in '/home/qiu/ros2024/chapter2_ws/build/qiu_1cpp_pkg' returned '0': CMAKE_PREFIX_PATH=${CMAKE_PREFIX_PATH}:/home/qiu/ros2024/chapter2_ws/install/qiu_second_node_pkg:/home/qiu/ros2024/chapter2_ws/install/qiu_firt_node_pkg:/opt/ros/foxy CONDA_PROMPT_MODIFIER=(base) /usr/bin/cmake --install /home/qiu/ros2024/chapter2_ws/build/qiu_1cpp_pkg
