[0.015s] Invoking command in '/home/qiu/ros2024/kunkun_chapter2_ws/hellopublic/build/qiu_1cpp_pkg': CMAKE_PREFIX_PATH=/opt/ros/foxy CONDA_PROMPT_MODIFIER=(base) /usr/bin/cmake /home/qiu/ros2024/kunkun_chapter2_ws/hellopublic/src/qiu_1cpp_pkg -DCMAKE_INSTALL_PREFIX=/home/qiu/ros2024/kunkun_chapter2_ws/hellopublic/install/qiu_1cpp_pkg
[0.156s] -- The C compiler identification is GNU 8.4.0
[0.157s] -- The CXX compiler identification is GNU 8.4.0
[0.157s] -- Check for working C compiler: /usr/bin/cc
[0.157s] -- Check for working C compiler: /usr/bin/cc -- works
[0.157s] -- Detecting C compiler ABI info
[0.161s] -- Detecting C compiler ABI info - done
[0.168s] -- Detecting C compile features
[0.168s] -- Detecting C compile features - done
[0.169s] -- Check for working CXX compiler: /usr/bin/c++
[0.215s] -- Check for working CXX compiler: /usr/bin/c++ -- works
[0.216s] -- Detecting CXX compiler ABI info
[0.264s] -- Detecting CXX compiler ABI info - done
[0.271s] -- Detecting CXX compile features
[0.272s] -- Detecting CXX compile features - done
[0.273s] -- Found ament_cmake: 0.9.12 (/opt/ros/foxy/share/ament_cmake/cmake)
[0.287s] -- Found PythonInterp: /usr/bin/python3 (found suitable version "3.8.10", minimum required is "3") 
[0.287s] -- Using PYTHON_EXECUTABLE: /usr/bin/python3
[0.407s] -- Found rclcpp: 2.4.3 (/opt/ros/foxy/share/rclcpp/cmake)
[0.432s] -- Using all available rosidl_typesupport_c: rosidl_typesupport_connext_c;rosidl_typesupport_fastrtps_c;rosidl_typesupport_introspection_c
[0.435s] -- Found rosidl_adapter: 1.3.1 (/opt/ros/foxy/share/rosidl_adapter/cmake)
[0.438s] -- Found RTI Connext: /opt/rti.com/rti_connext_dds-5.3.1
[0.924s] -- Found OpenSSL: /usr/lib/x86_64-linux-gnu/libcrypto.so (found version "1.1.1f")  
[0.942s] -- Found FastRTPS: /opt/ros/foxy/include  
[0.985s] -- Using all available rosidl_typesupport_cpp: rosidl_typesupport_connext_cpp;rosidl_typesupport_fastrtps_cpp;rosidl_typesupport_introspection_cpp
[1.016s] -- Found rmw_implementation_cmake: 1.0.4 (/opt/ros/foxy/share/rmw_implementation_cmake/cmake)
[1.017s] -- Using RMW implementation 'rmw_fastrtps_cpp' as default
[1.017s] -- Looking for pthread.h
[1.063s] -- Looking for pthread.h - found
[1.063s] -- Performing Test CMAKE_HAVE_LIBC_PTHREAD
[1.105s] -- Performing Test CMAKE_HAVE_LIBC_PTHREAD - Failed
[1.105s] -- Looking for pthread_create in pthreads
[1.140s] -- Looking for pthread_create in pthreads - not found
[1.140s] -- Looking for pthread_create in pthread
[1.180s] -- Looking for pthread_create in pthread - found
[1.180s] -- Found Threads: TRUE  
[1.266s] -- Found ament_lint_auto: 0.9.8 (/opt/ros/foxy/share/ament_lint_auto/cmake)
[1.305s] -- Added test 'copyright' to check source files copyright and LICENSE
[1.306s] -- Added test 'cppcheck' to perform static code analysis on C / C++ code
[1.306s] -- Configured cppcheck include dirs: 
[1.306s] -- Configured cppcheck exclude dirs and/or files: 
[1.306s] -- Added test 'cpplint' to check C / C++ code against the Google style
[1.306s] -- Configured cpplint exclude dirs and/or files: 
[1.307s] -- Added test 'lint_cmake' to check CMake code style
[1.307s] -- Added test 'uncrustify' to check C / C++ code style
[1.307s] -- Configured uncrustify additional arguments: 
[1.308s] -- Added test 'xmllint' to check XML markup files
[1.309s] -- Configuring done
[1.314s] -- Generating done
[1.315s] -- Build files have been written to: /home/qiu/ros2024/kunkun_chapter2_ws/hellopublic/build/qiu_1cpp_pkg
[1.320s] Invoked command in '/home/qiu/ros2024/kunkun_chapter2_ws/hellopublic/build/qiu_1cpp_pkg' returned '0': CMAKE_PREFIX_PATH=/opt/ros/foxy CONDA_PROMPT_MODIFIER=(base) /usr/bin/cmake /home/qiu/ros2024/kunkun_chapter2_ws/hellopublic/src/qiu_1cpp_pkg -DCMAKE_INSTALL_PREFIX=/home/qiu/ros2024/kunkun_chapter2_ws/hellopublic/install/qiu_1cpp_pkg
[1.322s] Invoking command in '/home/qiu/ros2024/kunkun_chapter2_ws/hellopublic/build/qiu_1cpp_pkg': CMAKE_PREFIX_PATH=/opt/ros/foxy CONDA_PROMPT_MODIFIER=(base) /usr/bin/cmake --build /home/qiu/ros2024/kunkun_chapter2_ws/hellopublic/build/qiu_1cpp_pkg -- -j16 -l16
[1.346s] [35m[1mScanning dependencies of target person_node[0m
[1.346s] [35m[1mScanning dependencies of target ros2_cpp_node[0m
[1.368s] [ 50%] [32mBuilding CXX object CMakeFiles/ros2_cpp_node.dir/src/cpp_node.cpp.o[0m
[1.368s] [ 50%] [32mBuilding CXX object CMakeFiles/person_node.dir/src/person.cpp.o[0m
[1.977s] [01m[K/home/qiu/ros2024/kunkun_chapter2_ws/hellopublic/src/qiu_1cpp_pkg/src/person.cpp:[m[K In member function ‘[01m[Kvoid person::havefun(const string&)[m[K’:
[1.977s] [01m[K/home/qiu/ros2024/kunkun_chapter2_ws/hellopublic/src/qiu_1cpp_pkg/src/person.cpp:10:36:[m[K [01;35m[Kwarning: [m[Kunused parameter ‘[01m[Kgame[m[K’ [[01;35m[K-Wunused-parameter[m[K]
[1.977s]          void havefun([01;35m[Kconst string& game[m[K)
[1.977s]                       [01;35m[K~~~~~~~~~~~~~~^~~~[m[K
[1.977s] [01m[K/home/qiu/ros2024/kunkun_chapter2_ws/hellopublic/src/qiu_1cpp_pkg/src/person.cpp:[m[K In function ‘[01m[Kint main(int, char**)[m[K’:
[1.977s] [01m[K/home/qiu/ros2024/kunkun_chapter2_ws/hellopublic/src/qiu_1cpp_pkg/src/person.cpp:20:14:[m[K [01;35m[Kwarning: [m[Kunused parameter ‘[01m[Kargc[m[K’ [[01;35m[K-Wunused-parameter[m[K]
[1.978s]  int main([01;35m[Kint argc[m[K,char **argv)
[1.978s]           [01;35m[K~~~~^~~~[m[K
[1.978s] [01m[K/home/qiu/ros2024/kunkun_chapter2_ws/hellopublic/src/qiu_1cpp_pkg/src/person.cpp:20:26:[m[K [01;35m[Kwarning: [m[Kunused parameter ‘[01m[Kargv[m[K’ [[01;35m[K-Wunused-parameter[m[K]
[1.978s]  int main(int argc,[01;35m[Kchar **argv[m[K)
[1.978s]                    [01;35m[K~~~~~~~^~~~[m[K
[2.154s] [ 75%] [32m[1mLinking CXX executable person_node[0m
[2.203s] [ 75%] Built target person_node
[2.205s] [100%] [32m[1mLinking CXX executable ros2_cpp_node[0m
[2.264s] [100%] Built target ros2_cpp_node
[2.270s] Invoked command in '/home/qiu/ros2024/kunkun_chapter2_ws/hellopublic/build/qiu_1cpp_pkg' returned '0': CMAKE_PREFIX_PATH=/opt/ros/foxy CONDA_PROMPT_MODIFIER=(base) /usr/bin/cmake --build /home/qiu/ros2024/kunkun_chapter2_ws/hellopublic/build/qiu_1cpp_pkg -- -j16 -l16
[2.294s] Invoking command in '/home/qiu/ros2024/kunkun_chapter2_ws/hellopublic/build/qiu_1cpp_pkg': CMAKE_PREFIX_PATH=/opt/ros/foxy CONDA_PROMPT_MODIFIER=(base) /usr/bin/cmake --install /home/qiu/ros2024/kunkun_chapter2_ws/hellopublic/build/qiu_1cpp_pkg
[2.299s] -- Install configuration: ""
[2.299s] -- Installing: /home/qiu/ros2024/kunkun_chapter2_ws/hellopublic/install/qiu_1cpp_pkg/lib/qiu_1cpp_pkg/ros2_cpp_node
[2.299s] -- Set runtime path of "/home/qiu/ros2024/kunkun_chapter2_ws/hellopublic/install/qiu_1cpp_pkg/lib/qiu_1cpp_pkg/ros2_cpp_node" to ""
[2.299s] -- Installing: /home/qiu/ros2024/kunkun_chapter2_ws/hellopublic/install/qiu_1cpp_pkg/lib/qiu_1cpp_pkg/person_node
[2.299s] -- Set runtime path of "/home/qiu/ros2024/kunkun_chapter2_ws/hellopublic/install/qiu_1cpp_pkg/lib/qiu_1cpp_pkg/person_node" to ""
[2.299s] -- Installing: /home/qiu/ros2024/kunkun_chapter2_ws/hellopublic/install/qiu_1cpp_pkg/share/ament_index/resource_index/package_run_dependencies/qiu_1cpp_pkg
[2.299s] -- Installing: /home/qiu/ros2024/kunkun_chapter2_ws/hellopublic/install/qiu_1cpp_pkg/share/ament_index/resource_index/parent_prefix_path/qiu_1cpp_pkg
[2.299s] -- Installing: /home/qiu/ros2024/kunkun_chapter2_ws/hellopublic/install/qiu_1cpp_pkg/share/qiu_1cpp_pkg/environment/ament_prefix_path.sh
[2.299s] -- Installing: /home/qiu/ros2024/kunkun_chapter2_ws/hellopublic/install/qiu_1cpp_pkg/share/qiu_1cpp_pkg/environment/ament_prefix_path.dsv
[2.299s] -- Installing: /home/qiu/ros2024/kunkun_chapter2_ws/hellopublic/install/qiu_1cpp_pkg/share/qiu_1cpp_pkg/environment/path.sh
[2.300s] -- Installing: /home/qiu/ros2024/kunkun_chapter2_ws/hellopublic/install/qiu_1cpp_pkg/share/qiu_1cpp_pkg/environment/path.dsv
[2.300s] -- Installing: /home/qiu/ros2024/kunkun_chapter2_ws/hellopublic/install/qiu_1cpp_pkg/share/qiu_1cpp_pkg/local_setup.bash
[2.300s] -- Installing: /home/qiu/ros2024/kunkun_chapter2_ws/hellopublic/install/qiu_1cpp_pkg/share/qiu_1cpp_pkg/local_setup.sh
[2.300s] -- Installing: /home/qiu/ros2024/kunkun_chapter2_ws/hellopublic/install/qiu_1cpp_pkg/share/qiu_1cpp_pkg/local_setup.zsh
[2.300s] -- Installing: /home/qiu/ros2024/kunkun_chapter2_ws/hellopublic/install/qiu_1cpp_pkg/share/qiu_1cpp_pkg/local_setup.dsv
[2.300s] -- Installing: /home/qiu/ros2024/kunkun_chapter2_ws/hellopublic/install/qiu_1cpp_pkg/share/qiu_1cpp_pkg/package.dsv
[2.300s] -- Installing: /home/qiu/ros2024/kunkun_chapter2_ws/hellopublic/install/qiu_1cpp_pkg/share/ament_index/resource_index/packages/qiu_1cpp_pkg
[2.300s] -- Installing: /home/qiu/ros2024/kunkun_chapter2_ws/hellopublic/install/qiu_1cpp_pkg/share/qiu_1cpp_pkg/cmake/qiu_1cpp_pkgConfig.cmake
[2.300s] -- Installing: /home/qiu/ros2024/kunkun_chapter2_ws/hellopublic/install/qiu_1cpp_pkg/share/qiu_1cpp_pkg/cmake/qiu_1cpp_pkgConfig-version.cmake
[2.300s] -- Installing: /home/qiu/ros2024/kunkun_chapter2_ws/hellopublic/install/qiu_1cpp_pkg/share/qiu_1cpp_pkg/package.xml
[2.301s] Invoked command in '/home/qiu/ros2024/kunkun_chapter2_ws/hellopublic/build/qiu_1cpp_pkg' returned '0': CMAKE_PREFIX_PATH=/opt/ros/foxy CONDA_PROMPT_MODIFIER=(base) /usr/bin/cmake --install /home/qiu/ros2024/kunkun_chapter2_ws/hellopublic/build/qiu_1cpp_pkg
