[0.571s] Invoking command in '/home/qiu/ros2024/kunkun_chapter2_ws/hellopublic/src/qiu_firt_node_pkg': CONDA_PROMPT_MODIFIER=(base) PYTHONPATH=/home/qiu/ros2024/kunkun_chapter2_ws/hellopublic/build/qiu_firt_node_pkg/prefix_override:/usr/lib/python3/dist-packages/colcon_core/task/python/colcon_distutils_commands:/home/qiu/ros2024/kunkun_chapter2_ws/hellopublic/install/qiu_firt_node_pkg/lib/python3.8/site-packages:${PYTHONPATH} /usr/bin/python3 -W ignore:setup.py install is deprecated setup.py egg_info --egg-base ../../build/qiu_firt_node_pkg build --build-base /home/qiu/ros2024/kunkun_chapter2_ws/hellopublic/build/qiu_firt_node_pkg/build install --record /home/qiu/ros2024/kunkun_chapter2_ws/hellopublic/build/qiu_firt_node_pkg/install.log --install-scripts $base/lib/qiu_firt_node_pkg --single-version-externally-managed install_data
[0.704s] running egg_info
[0.705s] writing ../../build/qiu_firt_node_pkg/qiu_firt_node_pkg.egg-info/PKG-INFO
[0.705s] writing dependency_links to ../../build/qiu_firt_node_pkg/qiu_firt_node_pkg.egg-info/dependency_links.txt
[0.705s] writing entry points to ../../build/qiu_firt_node_pkg/qiu_firt_node_pkg.egg-info/entry_points.txt
[0.705s] writing requirements to ../../build/qiu_firt_node_pkg/qiu_firt_node_pkg.egg-info/requires.txt
[0.705s] writing top-level names to ../../build/qiu_firt_node_pkg/qiu_firt_node_pkg.egg-info/top_level.txt
[0.729s] reading manifest file '../../build/qiu_firt_node_pkg/qiu_firt_node_pkg.egg-info/SOURCES.txt'
[0.729s] writing manifest file '../../build/qiu_firt_node_pkg/qiu_firt_node_pkg.egg-info/SOURCES.txt'
[0.729s] running build
[0.729s] running build_py
[0.730s] running install
[0.730s] running install_lib
[0.731s] running install_data
[0.731s] running install_egg_info
[0.732s] removing '/home/qiu/ros2024/kunkun_chapter2_ws/hellopublic/install/qiu_firt_node_pkg/lib/python3.8/site-packages/qiu_firt_node_pkg-0.0.0-py3.8.egg-info' (and everything under it)
[0.732s] Copying ../../build/qiu_firt_node_pkg/qiu_firt_node_pkg.egg-info to /home/qiu/ros2024/kunkun_chapter2_ws/hellopublic/install/qiu_firt_node_pkg/lib/python3.8/site-packages/qiu_firt_node_pkg-0.0.0-py3.8.egg-info
[0.733s] running install_scripts
[0.744s] Installing node_exe script to /home/qiu/ros2024/kunkun_chapter2_ws/hellopublic/install/qiu_firt_node_pkg/lib/qiu_firt_node_pkg
[0.744s] writing list of installed files to '/home/qiu/ros2024/kunkun_chapter2_ws/hellopublic/build/qiu_firt_node_pkg/install.log'
[0.764s] Invoked command in '/home/qiu/ros2024/kunkun_chapter2_ws/hellopublic/src/qiu_firt_node_pkg' returned '0': CONDA_PROMPT_MODIFIER=(base) PYTHONPATH=/home/qiu/ros2024/kunkun_chapter2_ws/hellopublic/build/qiu_firt_node_pkg/prefix_override:/usr/lib/python3/dist-packages/colcon_core/task/python/colcon_distutils_commands:/home/qiu/ros2024/kunkun_chapter2_ws/hellopublic/install/qiu_firt_node_pkg/lib/python3.8/site-packages:${PYTHONPATH} /usr/bin/python3 -W ignore:setup.py install is deprecated setup.py egg_info --egg-base ../../build/qiu_firt_node_pkg build --build-base /home/qiu/ros2024/kunkun_chapter2_ws/hellopublic/build/qiu_firt_node_pkg/build install --record /home/qiu/ros2024/kunkun_chapter2_ws/hellopublic/build/qiu_firt_node_pkg/install.log --install-scripts $base/lib/qiu_firt_node_pkg --single-version-externally-managed install_data
