-- Found ament_cmake: 0.9.12 (/opt/ros/foxy/share/ament_cmake/cmake)
-- Using PYTHON_EXECUTABLE: /usr/bin/python3
-- Found rclcpp: 2.4.3 (/opt/ros/foxy/share/rclcpp/cmake)
-- Using all available rosidl_typesupport_c: rosidl_typesupport_connext_c;rosidl_typesupport_fastrtps_c;rosidl_typesupport_introspection_c
-- Found rosidl_adapter: 1.3.1 (/opt/ros/foxy/share/rosidl_adapter/cmake)
-- Found RTI Connext: /opt/rti.com/rti_connext_dds-5.3.1
-- Using all available rosidl_typesupport_cpp: rosidl_typesupport_connext_cpp;rosidl_typesupport_fastrtps_cpp;rosidl_typesupport_introspection_cpp
-- Found rmw_implementation_cmake: 1.0.4 (/opt/ros/foxy/share/rmw_implementation_cmake/cmake)
-- Using RMW implementation 'rmw_fastrtps_cpp' as default
-- Found ament_lint_auto: 0.9.8 (/opt/ros/foxy/share/ament_lint_auto/cmake)
-- Added test 'copyright' to check source files copyright and LICENSE
-- Added test 'cppcheck' to perform static code analysis on C / C++ code
-- Configured cppcheck include dirs: 
-- Configured cppcheck exclude dirs and/or files: 
-- Added test 'cpplint' to check C / C++ code against the Google style
-- Configured cpplint exclude dirs and/or files: 
-- Added test 'lint_cmake' to check CMake code style
-- Added test 'uncrustify' to check C / C++ code style
-- Configured uncrustify additional arguments: 
-- Added test 'xmllint' to check XML markup files
-- Configuring done
-- Generating done
-- Build files have been written to: /home/qiu/ros2024/kunkun_chapter2_ws/hellopublic/build/qiu_1cpp_pkg
[35m[1mScanning dependencies of target writer_node[0m
[ 66%] Built target ros2_cpp_node
[ 66%] Built target person_node
[ 83%] [32mBuilding CXX object CMakeFiles/writer_node.dir/src/writer.cpp.o[0m
[01m[K/home/qiu/ros2024/kunkun_chapter2_ws/hellopublic/src/qiu_1cpp_pkg/src/writer.cpp:9:16:[m[K [01;31m[Kerror: [m[Kexpected unqualified-id before ‘[01m[Kconst[m[K’
         person([01;31m[Kconst[m[K string& nodename,const string& name,int age):person(name,age),rclcpp::Node(nodename){}
                [01;31m[K^~~~~[m[K
[01m[K/home/qiu/ros2024/kunkun_chapter2_ws/hellopublic/src/qiu_1cpp_pkg/src/writer.cpp:9:16:[m[K [01;31m[Kerror: [m[Kexpected ‘[01m[K)[m[K’ before ‘[01m[Kconst[m[K’
         person[34m[K([m[K[01;31m[Kc[m[K[32m[Konst[m[K string& nodename,const string& name,int age):person(name,age),rclcpp::Node(nodename){}
               [34m[K~[m[K[01;31m[K^[m[K[32m[K~~~~[m[K
                [32m[K)[m[K
In file included from [01m[K/opt/ros/foxy/include/rclcpp/service.hpp:34[m[K,
                 from [01m[K/opt/ros/foxy/include/rclcpp/callback_group.hpp:25[m[K,
                 from [01m[K/opt/ros/foxy/include/rclcpp/any_executable.hpp:20[m[K,
                 from [01m[K/opt/ros/foxy/include/rclcpp/memory_strategy.hpp:24[m[K,
                 from [01m[K/opt/ros/foxy/include/rclcpp/memory_strategies.hpp:18[m[K,
                 from [01m[K/opt/ros/foxy/include/rclcpp/executor_options.hpp:20[m[K,
                 from [01m[K/opt/ros/foxy/include/rclcpp/executor.hpp:33[m[K,
                 from [01m[K/opt/ros/foxy/include/rclcpp/executors/multi_threaded_executor.hpp:26[m[K,
                 from [01m[K/opt/ros/foxy/include/rclcpp/executors.hpp:21[m[K,
                 from [01m[K/opt/ros/foxy/include/rclcpp/rclcpp.hpp:146[m[K,
                 from [01m[K/home/qiu/ros2024/kunkun_chapter2_ws/hellopublic/src/qiu_1cpp_pkg/src/writer.cpp:1[m[K:
[01m[K/home/qiu/ros2024/kunkun_chapter2_ws/hellopublic/src/qiu_1cpp_pkg/src/writer.cpp:[m[K In member function ‘[01m[Kvoid writer::write(const string&, const string&)[m[K’:
[01m[K/home/qiu/ros2024/kunkun_chapter2_ws/hellopublic/src/qiu_1cpp_pkg/src/writer.cpp:15:25:[m[K [01;31m[Kerror: [m[K‘[01m[Knode[m[K’ was not declared in this scope
             RCLCPP_INFO([01;31m[Knode[m[K->get_logger(),"我写了一本书: ",book,"我喜欢玩：",game);
                         [01;31m[K^~~~[m[K
[01m[K/home/qiu/ros2024/kunkun_chapter2_ws/hellopublic/src/qiu_1cpp_pkg/src/writer.cpp:15:25:[m[K [01;36m[Knote: [m[Ksuggested alternative: ‘[01m[KNode[m[K’
[01m[K/home/qiu/ros2024/kunkun_chapter2_ws/hellopublic/src/qiu_1cpp_pkg/src/writer.cpp:15:13:[m[K [01;31m[Kerror: [m[Ktemplate argument 1 is invalid
             [01;31m[KRCLCPP_INFO[m[K(node->get_logger(),"我写了一本书: ",book,"我喜欢玩：",game);
             [01;31m[K^~~~~~~~~~~[m[K
[01m[K/home/qiu/ros2024/kunkun_chapter2_ws/hellopublic/src/qiu_1cpp_pkg/src/writer.cpp:15:13:[m[K [01;31m[Kerror: [m[Ktemplate argument 1 is invalid
             [01;31m[KRCLCPP_INFO[m[K(node->get_logger(),"我写了一本书: ",book,"我喜欢玩：",game);
             [01;31m[K^~~~~~~~~~~[m[K
[01m[K/home/qiu/ros2024/kunkun_chapter2_ws/hellopublic/src/qiu_1cpp_pkg/src/writer.cpp:15:13:[m[K [01;31m[Kerror: [m[Ktemplate argument 1 is invalid
             [01;31m[KRCLCPP_INFO[m[K(node->get_logger(),"我写了一本书: ",book,"我喜欢玩：",game);
             [01;31m[K^~~~~~~~~~~[m[K
In file included from [01m[K/usr/include/x86_64-linux-gnu/c++/8/bits/c++allocator.h:33[m[K,
                 from [01m[K/usr/include/c++/8/bits/allocator.h:46[m[K,
                 from [01m[K/usr/include/c++/8/memory:63[m[K,
                 from [01m[K/opt/ros/foxy/include/rclcpp/rclcpp.hpp:144[m[K,
                 from [01m[K/home/qiu/ros2024/kunkun_chapter2_ws/hellopublic/src/qiu_1cpp_pkg/src/writer.cpp:1[m[K:
/usr/include/c++/8/ext/new_allocator.h: In instantiation of ‘[01m[Kvoid __gnu_cxx::new_allocator<_Tp>::construct(_Up*, _Args&& ...) [with _Up = writer; _Args = {const char (&)[20], const char (&)[7], int}; _Tp = writer][m[K’:
[01m[K/usr/include/c++/8/bits/alloc_traits.h:475:4:[m[K   required from ‘[01m[Kstatic void std::allocator_traits<std::allocator<_Tp1> >::construct(std::allocator_traits<std::allocator<_Tp1> >::allocator_type&, _Up*, _Args&& ...) [with _Up = writer; _Args = {const char (&)[20], const char (&)[7], int}; _Tp = writer; std::allocator_traits<std::allocator<_Tp1> >::allocator_type = std::allocator<writer>][m[K’
[01m[K/usr/include/c++/8/bits/shared_ptr_base.h:545:39:[m[K   required from ‘[01m[Kstd::_Sp_counted_ptr_inplace<_Tp, _Alloc, _Lp>::_Sp_counted_ptr_inplace(_Alloc, _Args&& ...) [with _Args = {const char (&)[20], const char (&)[7], int}; _Tp = writer; _Alloc = std::allocator<writer>; __gnu_cxx::_Lock_policy _Lp = (__gnu_cxx::_Lock_policy)2][m[K’
[01m[K/usr/include/c++/8/bits/shared_ptr_base.h:677:16:[m[K   required from ‘[01m[Kstd::__shared_count<_Lp>::__shared_count(_Tp*&, std::_Sp_alloc_shared_tag<_Alloc>, _Args&& ...) [with _Tp = writer; _Alloc = std::allocator<writer>; _Args = {const char (&)[20], const char (&)[7], int}; __gnu_cxx::_Lock_policy _Lp = (__gnu_cxx::_Lock_policy)2][m[K’
[01m[K/usr/include/c++/8/bits/shared_ptr_base.h:1342:71:[m[K   required from ‘[01m[Kstd::__shared_ptr<_Tp, _Lp>::__shared_ptr(std::_Sp_alloc_shared_tag<_Tp>, _Args&& ...) [with _Alloc = std::allocator<writer>; _Args = {const char (&)[20], const char (&)[7], int}; _Tp = writer; __gnu_cxx::_Lock_policy _Lp = (__gnu_cxx::_Lock_policy)2][m[K’
[01m[K/usr/include/c++/8/bits/shared_ptr.h:359:59:[m[K   required from ‘[01m[Kstd::shared_ptr<_Tp>::shared_ptr(std::_Sp_alloc_shared_tag<_Tp>, _Args&& ...) [with _Alloc = std::allocator<writer>; _Args = {const char (&)[20], const char (&)[7], int}; _Tp = writer][m[K’
[01m[K/usr/include/c++/8/bits/shared_ptr.h:705:14:[m[K   required from ‘[01m[Kstd::shared_ptr<_Tp> std::allocate_shared(const _Alloc&, _Args&& ...) [with _Tp = writer; _Alloc = std::allocator<writer>; _Args = {const char (&)[20], const char (&)[7], int}][m[K’
[01m[K/usr/include/c++/8/bits/shared_ptr.h:721:39:[m[K   required from ‘[01m[Kstd::shared_ptr<_Tp> std::make_shared(_Args&& ...) [with _Tp = writer; _Args = {const char (&)[20], const char (&)[7], int}][m[K’
[01m[K/home/qiu/ros2024/kunkun_chapter2_ws/hellopublic/src/qiu_1cpp_pkg/src/writer.cpp:25:81:[m[K   required from here
[01m[K/usr/include/c++/8/ext/new_allocator.h:136:4:[m[K [01;31m[Kerror: [m[Kno matching function for call to ‘[01m[Kwriter::writer(const char [20], const char [7], int)[m[K’
  { [01;31m[K::new((void *)__p) _Up(std::forward<_Args>(__args)...)[m[K; }
    [01;31m[K^~~~~~~~~~~~~~~~~~~~~~~~~~~~~~~~~~~~~~~~~~~~~~~~~~~~~~[m[K
[01m[K/home/qiu/ros2024/kunkun_chapter2_ws/hellopublic/src/qiu_1cpp_pkg/src/writer.cpp:6:7:[m[K [01;36m[Knote: [m[Kcandidate: ‘[01m[Kwriter::writer()[m[K’ <deleted>
 class [01;36m[Kwriter[m[K:public person,public rclcpp::Node
       [01;36m[K^~~~~~[m[K
[01m[K/home/qiu/ros2024/kunkun_chapter2_ws/hellopublic/src/qiu_1cpp_pkg/src/writer.cpp:6:7:[m[K [01;36m[Knote: [m[K  candidate expects 0 arguments, 3 provided
[01m[K/home/qiu/ros2024/kunkun_chapter2_ws/hellopublic/src/qiu_1cpp_pkg/src/writer.cpp:6:7:[m[K [01;36m[Knote: [m[Kcandidate: ‘[01m[Kwriter::writer(const writer&)[m[K’ <deleted>
[01m[K/home/qiu/ros2024/kunkun_chapter2_ws/hellopublic/src/qiu_1cpp_pkg/src/writer.cpp:6:7:[m[K [01;36m[Knote: [m[K  candidate expects 1 argument, 3 provided
[01m[K/home/qiu/ros2024/kunkun_chapter2_ws/hellopublic/src/qiu_1cpp_pkg/src/writer.cpp:6:7:[m[K [01;36m[Knote: [m[Kcandidate: ‘[01m[Kwriter::writer(writer&&)[m[K’ <deleted>
[01m[K/home/qiu/ros2024/kunkun_chapter2_ws/hellopublic/src/qiu_1cpp_pkg/src/writer.cpp:6:7:[m[K [01;36m[Knote: [m[K  candidate expects 1 argument, 3 provided
make[2]: *** [CMakeFiles/writer_node.dir/build.make:63: CMakeFiles/writer_node.dir/src/writer.cpp.o] Error 1
make[1]: *** [CMakeFiles/Makefile2:82: CMakeFiles/writer_node.dir/all] Error 2
make: *** [Makefile:141: all] Error 2
