[0.015s] Invoking command in '/home/qiu/ros2024/kunkun_chapter2_ws/hellopublic/build/qiu_1cpp_pkg': CMAKE_PREFIX_PATH=${CMAKE_PREFIX_PATH}:/home/qiu/ros2024/kunkun_chapter2_ws/hellopublic/install/qiu_second_node_pkg:/home/qiu/ros2024/kunkun_chapter2_ws/hellopublic/install/qiu_firt_node_pkg:/opt/ros/foxy CONDA_PROMPT_MODIFIER=(base) /usr/bin/cmake --build /home/qiu/ros2024/kunkun_chapter2_ws/hellopublic/build/qiu_1cpp_pkg -- -j16 -l16
[0.165s] -- Found ament_cmake: 0.9.12 (/opt/ros/foxy/share/ament_cmake/cmake)
[0.166s] -- Using PYTHON_EXECUTABLE: /usr/bin/python3
[0.175s] -- Found rclcpp: 2.4.3 (/opt/ros/foxy/share/rclcpp/cmake)
[0.195s] -- Using all available rosidl_typesupport_c: rosidl_typesupport_connext_c;rosidl_typesupport_fastrtps_c;rosidl_typesupport_introspection_c
[0.197s] -- Found rosidl_adapter: 1.3.1 (/opt/ros/foxy/share/rosidl_adapter/cmake)
[0.199s] -- Found RTI Connext: /opt/rti.com/rti_connext_dds-5.3.1
[0.449s] -- Using all available rosidl_typesupport_cpp: rosidl_typesupport_connext_cpp;rosidl_typesupport_fastrtps_cpp;rosidl_typesupport_introspection_cpp
[0.478s] -- Found rmw_implementation_cmake: 1.0.4 (/opt/ros/foxy/share/rmw_implementation_cmake/cmake)
[0.479s] -- Using RMW implementation 'rmw_fastrtps_cpp' as default
[0.569s] -- Found ament_lint_auto: 0.9.8 (/opt/ros/foxy/share/ament_lint_auto/cmake)
[0.610s] -- Added test 'copyright' to check source files copyright and LICENSE
[0.610s] -- Added test 'cppcheck' to perform static code analysis on C / C++ code
[0.610s] -- Configured cppcheck include dirs: 
[0.610s] -- Configured cppcheck exclude dirs and/or files: 
[0.611s] -- Added test 'cpplint' to check C / C++ code against the Google style
[0.611s] -- Configured cpplint exclude dirs and/or files: 
[0.611s] -- Added test 'lint_cmake' to check CMake code style
[0.612s] -- Added test 'uncrustify' to check C / C++ code style
[0.612s] -- Configured uncrustify additional arguments: 
[0.612s] -- Added test 'xmllint' to check XML markup files
[0.614s] -- Configuring done
[0.624s] -- Generating done
[0.625s] -- Build files have been written to: /home/qiu/ros2024/kunkun_chapter2_ws/hellopublic/build/qiu_1cpp_pkg
[0.642s] [35m[1mScanning dependencies of target writer_node[0m
[0.655s] [ 66%] Built target ros2_cpp_node
[0.655s] [ 66%] Built target person_node
[0.666s] [ 83%] [32mBuilding CXX object CMakeFiles/writer_node.dir/src/writer.cpp.o[0m
[1.235s] [01m[K/home/qiu/ros2024/kunkun_chapter2_ws/hellopublic/src/qiu_1cpp_pkg/src/writer.cpp:9:16:[m[K [01;31m[Kerror: [m[Kexpected unqualified-id before ‘[01m[Kconst[m[K’
[1.235s]          person([01;31m[Kconst[m[K string& nodename,const string& name,int age):person(name,age),rclcpp::Node(nodename){}
[1.235s]                 [01;31m[K^~~~~[m[K
[1.235s] [01m[K/home/qiu/ros2024/kunkun_chapter2_ws/hellopublic/src/qiu_1cpp_pkg/src/writer.cpp:9:16:[m[K [01;31m[Kerror: [m[Kexpected ‘[01m[K)[m[K’ before ‘[01m[Kconst[m[K’
[1.235s]          person[34m[K([m[K[01;31m[Kc[m[K[32m[Konst[m[K string& nodename,const string& name,int age):person(name,age),rclcpp::Node(nodename){}
[1.235s]                [34m[K~[m[K[01;31m[K^[m[K[32m[K~~~~[m[K
[1.235s]                 [32m[K)[m[K
[1.235s] In file included from [01m[K/opt/ros/foxy/include/rclcpp/service.hpp:34[m[K,
[1.235s]                  from [01m[K/opt/ros/foxy/include/rclcpp/callback_group.hpp:25[m[K,
[1.235s]                  from [01m[K/opt/ros/foxy/include/rclcpp/any_executable.hpp:20[m[K,
[1.235s]                  from [01m[K/opt/ros/foxy/include/rclcpp/memory_strategy.hpp:24[m[K,
[1.235s]                  from [01m[K/opt/ros/foxy/include/rclcpp/memory_strategies.hpp:18[m[K,
[1.235s]                  from [01m[K/opt/ros/foxy/include/rclcpp/executor_options.hpp:20[m[K,
[1.235s]                  from [01m[K/opt/ros/foxy/include/rclcpp/executor.hpp:33[m[K,
[1.235s]                  from [01m[K/opt/ros/foxy/include/rclcpp/executors/multi_threaded_executor.hpp:26[m[K,
[1.235s]                  from [01m[K/opt/ros/foxy/include/rclcpp/executors.hpp:21[m[K,
[1.235s]                  from [01m[K/opt/ros/foxy/include/rclcpp/rclcpp.hpp:146[m[K,
[1.236s]                  from [01m[K/home/qiu/ros2024/kunkun_chapter2_ws/hellopublic/src/qiu_1cpp_pkg/src/writer.cpp:1[m[K:
[1.236s] [01m[K/home/qiu/ros2024/kunkun_chapter2_ws/hellopublic/src/qiu_1cpp_pkg/src/writer.cpp:[m[K In member function ‘[01m[Kvoid writer::write(const string&, const string&)[m[K’:
[1.236s] [01m[K/home/qiu/ros2024/kunkun_chapter2_ws/hellopublic/src/qiu_1cpp_pkg/src/writer.cpp:15:25:[m[K [01;31m[Kerror: [m[K‘[01m[Knode[m[K’ was not declared in this scope
[1.236s]              RCLCPP_INFO([01;31m[Knode[m[K->get_logger(),"我写了一本书: ",book,"我喜欢玩：",game);
[1.236s]                          [01;31m[K^~~~[m[K
[1.236s] [01m[K/home/qiu/ros2024/kunkun_chapter2_ws/hellopublic/src/qiu_1cpp_pkg/src/writer.cpp:15:25:[m[K [01;36m[Knote: [m[Ksuggested alternative: ‘[01m[KNode[m[K’
[1.236s] [01m[K/home/qiu/ros2024/kunkun_chapter2_ws/hellopublic/src/qiu_1cpp_pkg/src/writer.cpp:15:13:[m[K [01;31m[Kerror: [m[Ktemplate argument 1 is invalid
[1.236s]              [01;31m[KRCLCPP_INFO[m[K(node->get_logger(),"我写了一本书: ",book,"我喜欢玩：",game);
[1.236s]              [01;31m[K^~~~~~~~~~~[m[K
[1.236s] [01m[K/home/qiu/ros2024/kunkun_chapter2_ws/hellopublic/src/qiu_1cpp_pkg/src/writer.cpp:15:13:[m[K [01;31m[Kerror: [m[Ktemplate argument 1 is invalid
[1.236s]              [01;31m[KRCLCPP_INFO[m[K(node->get_logger(),"我写了一本书: ",book,"我喜欢玩：",game);
[1.236s]              [01;31m[K^~~~~~~~~~~[m[K
[1.236s] [01m[K/home/qiu/ros2024/kunkun_chapter2_ws/hellopublic/src/qiu_1cpp_pkg/src/writer.cpp:15:13:[m[K [01;31m[Kerror: [m[Ktemplate argument 1 is invalid
[1.236s]              [01;31m[KRCLCPP_INFO[m[K(node->get_logger(),"我写了一本书: ",book,"我喜欢玩：",game);
[1.236s]              [01;31m[K^~~~~~~~~~~[m[K
[1.372s] In file included from [01m[K/usr/include/x86_64-linux-gnu/c++/8/bits/c++allocator.h:33[m[K,
[1.372s]                  from [01m[K/usr/include/c++/8/bits/allocator.h:46[m[K,
[1.372s]                  from [01m[K/usr/include/c++/8/memory:63[m[K,
[1.372s]                  from [01m[K/opt/ros/foxy/include/rclcpp/rclcpp.hpp:144[m[K,
[1.372s]                  from [01m[K/home/qiu/ros2024/kunkun_chapter2_ws/hellopublic/src/qiu_1cpp_pkg/src/writer.cpp:1[m[K:
[1.372s] /usr/include/c++/8/ext/new_allocator.h: In instantiation of ‘[01m[Kvoid __gnu_cxx::new_allocator<_Tp>::construct(_Up*, _Args&& ...) [with _Up = writer; _Args = {const char (&)[20], const char (&)[7], int}; _Tp = writer][m[K’:
[1.372s] [01m[K/usr/include/c++/8/bits/alloc_traits.h:475:4:[m[K   required from ‘[01m[Kstatic void std::allocator_traits<std::allocator<_Tp1> >::construct(std::allocator_traits<std::allocator<_Tp1> >::allocator_type&, _Up*, _Args&& ...) [with _Up = writer; _Args = {const char (&)[20], const char (&)[7], int}; _Tp = writer; std::allocator_traits<std::allocator<_Tp1> >::allocator_type = std::allocator<writer>][m[K’
[1.372s] [01m[K/usr/include/c++/8/bits/shared_ptr_base.h:545:39:[m[K   required from ‘[01m[Kstd::_Sp_counted_ptr_inplace<_Tp, _Alloc, _Lp>::_Sp_counted_ptr_inplace(_Alloc, _Args&& ...) [with _Args = {const char (&)[20], const char (&)[7], int}; _Tp = writer; _Alloc = std::allocator<writer>; __gnu_cxx::_Lock_policy _Lp = (__gnu_cxx::_Lock_policy)2][m[K’
[1.372s] [01m[K/usr/include/c++/8/bits/shared_ptr_base.h:677:16:[m[K   required from ‘[01m[Kstd::__shared_count<_Lp>::__shared_count(_Tp*&, std::_Sp_alloc_shared_tag<_Alloc>, _Args&& ...) [with _Tp = writer; _Alloc = std::allocator<writer>; _Args = {const char (&)[20], const char (&)[7], int}; __gnu_cxx::_Lock_policy _Lp = (__gnu_cxx::_Lock_policy)2][m[K’
[1.372s] [01m[K/usr/include/c++/8/bits/shared_ptr_base.h:1342:71:[m[K   required from ‘[01m[Kstd::__shared_ptr<_Tp, _Lp>::__shared_ptr(std::_Sp_alloc_shared_tag<_Tp>, _Args&& ...) [with _Alloc = std::allocator<writer>; _Args = {const char (&)[20], const char (&)[7], int}; _Tp = writer; __gnu_cxx::_Lock_policy _Lp = (__gnu_cxx::_Lock_policy)2][m[K’
[1.372s] [01m[K/usr/include/c++/8/bits/shared_ptr.h:359:59:[m[K   required from ‘[01m[Kstd::shared_ptr<_Tp>::shared_ptr(std::_Sp_alloc_shared_tag<_Tp>, _Args&& ...) [with _Alloc = std::allocator<writer>; _Args = {const char (&)[20], const char (&)[7], int}; _Tp = writer][m[K’
[1.373s] [01m[K/usr/include/c++/8/bits/shared_ptr.h:705:14:[m[K   required from ‘[01m[Kstd::shared_ptr<_Tp> std::allocate_shared(const _Alloc&, _Args&& ...) [with _Tp = writer; _Alloc = std::allocator<writer>; _Args = {const char (&)[20], const char (&)[7], int}][m[K’
[1.373s] [01m[K/usr/include/c++/8/bits/shared_ptr.h:721:39:[m[K   required from ‘[01m[Kstd::shared_ptr<_Tp> std::make_shared(_Args&& ...) [with _Tp = writer; _Args = {const char (&)[20], const char (&)[7], int}][m[K’
[1.373s] [01m[K/home/qiu/ros2024/kunkun_chapter2_ws/hellopublic/src/qiu_1cpp_pkg/src/writer.cpp:25:81:[m[K   required from here
[1.373s] [01m[K/usr/include/c++/8/ext/new_allocator.h:136:4:[m[K [01;31m[Kerror: [m[Kno matching function for call to ‘[01m[Kwriter::writer(const char [20], const char [7], int)[m[K’
[1.373s]   { [01;31m[K::new((void *)__p) _Up(std::forward<_Args>(__args)...)[m[K; }
[1.373s]     [01;31m[K^~~~~~~~~~~~~~~~~~~~~~~~~~~~~~~~~~~~~~~~~~~~~~~~~~~~~~[m[K
[1.373s] [01m[K/home/qiu/ros2024/kunkun_chapter2_ws/hellopublic/src/qiu_1cpp_pkg/src/writer.cpp:6:7:[m[K [01;36m[Knote: [m[Kcandidate: ‘[01m[Kwriter::writer()[m[K’ <deleted>
[1.373s]  class [01;36m[Kwriter[m[K:public person,public rclcpp::Node
[1.373s]        [01;36m[K^~~~~~[m[K
[1.373s] [01m[K/home/qiu/ros2024/kunkun_chapter2_ws/hellopublic/src/qiu_1cpp_pkg/src/writer.cpp:6:7:[m[K [01;36m[Knote: [m[K  candidate expects 0 arguments, 3 provided
[1.373s] [01m[K/home/qiu/ros2024/kunkun_chapter2_ws/hellopublic/src/qiu_1cpp_pkg/src/writer.cpp:6:7:[m[K [01;36m[Knote: [m[Kcandidate: ‘[01m[Kwriter::writer(const writer&)[m[K’ <deleted>
[1.373s] [01m[K/home/qiu/ros2024/kunkun_chapter2_ws/hellopublic/src/qiu_1cpp_pkg/src/writer.cpp:6:7:[m[K [01;36m[Knote: [m[K  candidate expects 1 argument, 3 provided
[1.373s] [01m[K/home/qiu/ros2024/kunkun_chapter2_ws/hellopublic/src/qiu_1cpp_pkg/src/writer.cpp:6:7:[m[K [01;36m[Knote: [m[Kcandidate: ‘[01m[Kwriter::writer(writer&&)[m[K’ <deleted>
[1.373s] [01m[K/home/qiu/ros2024/kunkun_chapter2_ws/hellopublic/src/qiu_1cpp_pkg/src/writer.cpp:6:7:[m[K [01;36m[Knote: [m[K  candidate expects 1 argument, 3 provided
[1.401s] make[2]: *** [CMakeFiles/writer_node.dir/build.make:63: CMakeFiles/writer_node.dir/src/writer.cpp.o] Error 1
[1.401s] make[1]: *** [CMakeFiles/Makefile2:82: CMakeFiles/writer_node.dir/all] Error 2
[1.401s] make: *** [Makefile:141: all] Error 2
[1.403s] Invoked command in '/home/qiu/ros2024/kunkun_chapter2_ws/hellopublic/build/qiu_1cpp_pkg' returned '2': CMAKE_PREFIX_PATH=${CMAKE_PREFIX_PATH}:/home/qiu/ros2024/kunkun_chapter2_ws/hellopublic/install/qiu_second_node_pkg:/home/qiu/ros2024/kunkun_chapter2_ws/hellopublic/install/qiu_firt_node_pkg:/opt/ros/foxy CONDA_PROMPT_MODIFIER=(base) /usr/bin/cmake --build /home/qiu/ros2024/kunkun_chapter2_ws/hellopublic/build/qiu_1cpp_pkg -- -j16 -l16
