[0.572s] Invoking command in '/home/qiu/ros2024/kunkun_chapter2_ws/hellopublic/src/qiu_second_node_pkg': CONDA_PROMPT_MODIFIER=(base) PYTHONPATH=/home/qiu/ros2024/kunkun_chapter2_ws/hellopublic/build/qiu_second_node_pkg/prefix_override:/usr/lib/python3/dist-packages/colcon_core/task/python/colcon_distutils_commands:/home/qiu/ros2024/kunkun_chapter2_ws/hellopublic/install/qiu_second_node_pkg/lib/python3.8/site-packages:${PYTHONPATH} /usr/bin/python3 -W ignore:setup.py install is deprecated setup.py egg_info --egg-base ../../build/qiu_second_node_pkg build --build-base /home/qiu/ros2024/kunkun_chapter2_ws/hellopublic/build/qiu_second_node_pkg/build install --record /home/qiu/ros2024/kunkun_chapter2_ws/hellopublic/build/qiu_second_node_pkg/install.log --install-scripts $base/lib/qiu_second_node_pkg --single-version-externally-managed install_data
[0.703s] running egg_info
[0.703s] writing ../../build/qiu_second_node_pkg/qiu_second_node_pkg.egg-info/PKG-INFO
[0.703s] writing dependency_links to ../../build/qiu_second_node_pkg/qiu_second_node_pkg.egg-info/dependency_links.txt
[0.703s] writing entry points to ../../build/qiu_second_node_pkg/qiu_second_node_pkg.egg-info/entry_points.txt
[0.703s] writing requirements to ../../build/qiu_second_node_pkg/qiu_second_node_pkg.egg-info/requires.txt
[0.703s] writing top-level names to ../../build/qiu_second_node_pkg/qiu_second_node_pkg.egg-info/top_level.txt
[0.725s] reading manifest file '../../build/qiu_second_node_pkg/qiu_second_node_pkg.egg-info/SOURCES.txt'
[0.725s] writing manifest file '../../build/qiu_second_node_pkg/qiu_second_node_pkg.egg-info/SOURCES.txt'
[0.725s] running build
[0.725s] running build_py
[0.725s] running install
[0.726s] running install_lib
[0.727s] running install_data
[0.727s] running install_egg_info
[0.728s] removing '/home/qiu/ros2024/kunkun_chapter2_ws/hellopublic/install/qiu_second_node_pkg/lib/python3.8/site-packages/qiu_second_node_pkg-0.0.0-py3.8.egg-info' (and everything under it)
[0.728s] Copying ../../build/qiu_second_node_pkg/qiu_second_node_pkg.egg-info to /home/qiu/ros2024/kunkun_chapter2_ws/hellopublic/install/qiu_second_node_pkg/lib/python3.8/site-packages/qiu_second_node_pkg-0.0.0-py3.8.egg-info
[0.728s] running install_scripts
[0.739s] Installing person_node script to /home/qiu/ros2024/kunkun_chapter2_ws/hellopublic/install/qiu_second_node_pkg/lib/qiu_second_node_pkg
[0.739s] Installing qiu_seconde_pkg_node script to /home/qiu/ros2024/kunkun_chapter2_ws/hellopublic/install/qiu_second_node_pkg/lib/qiu_second_node_pkg
[0.739s] Installing writer_node script to /home/qiu/ros2024/kunkun_chapter2_ws/hellopublic/install/qiu_second_node_pkg/lib/qiu_second_node_pkg
[0.739s] writing list of installed files to '/home/qiu/ros2024/kunkun_chapter2_ws/hellopublic/build/qiu_second_node_pkg/install.log'
[0.756s] Invoked command in '/home/qiu/ros2024/kunkun_chapter2_ws/hellopublic/src/qiu_second_node_pkg' returned '0': CONDA_PROMPT_MODIFIER=(base) PYTHONPATH=/home/qiu/ros2024/kunkun_chapter2_ws/hellopublic/build/qiu_second_node_pkg/prefix_override:/usr/lib/python3/dist-packages/colcon_core/task/python/colcon_distutils_commands:/home/qiu/ros2024/kunkun_chapter2_ws/hellopublic/install/qiu_second_node_pkg/lib/python3.8/site-packages:${PYTHONPATH} /usr/bin/python3 -W ignore:setup.py install is deprecated setup.py egg_info --egg-base ../../build/qiu_second_node_pkg build --build-base /home/qiu/ros2024/kunkun_chapter2_ws/hellopublic/build/qiu_second_node_pkg/build install --record /home/qiu/ros2024/kunkun_chapter2_ws/hellopublic/build/qiu_second_node_pkg/install.log --install-scripts $base/lib/qiu_second_node_pkg --single-version-externally-managed install_data
