running egg_info
writing ../../build/qiu_second_node_pkg/qiu_second_node_pkg.egg-info/PKG-INFO
writing dependency_links to ../../build/qiu_second_node_pkg/qiu_second_node_pkg.egg-info/dependency_links.txt
writing entry points to ../../build/qiu_second_node_pkg/qiu_second_node_pkg.egg-info/entry_points.txt
writing requirements to ../../build/qiu_second_node_pkg/qiu_second_node_pkg.egg-info/requires.txt
writing top-level names to ../../build/qiu_second_node_pkg/qiu_second_node_pkg.egg-info/top_level.txt
reading manifest file '../../build/qiu_second_node_pkg/qiu_second_node_pkg.egg-info/SOURCES.txt'
writing manifest file '../../build/qiu_second_node_pkg/qiu_second_node_pkg.egg-info/SOURCES.txt'
running build
running build_py
running install
running install_lib
running install_data
running install_egg_info
removing '/home/qiu/ros2024/chapter2_ws/install/qiu_second_node_pkg/lib/python3.8/site-packages/qiu_second_node_pkg-0.0.0-py3.8.egg-info' (and everything under it)
Copying ../../build/qiu_second_node_pkg/qiu_second_node_pkg.egg-info to /home/qiu/ros2024/chapter2_ws/install/qiu_second_node_pkg/lib/python3.8/site-packages/qiu_second_node_pkg-0.0.0-py3.8.egg-info
running install_scripts
Installing person_node script to /home/qiu/ros2024/chapter2_ws/install/qiu_second_node_pkg/lib/qiu_second_node_pkg
Installing qiu_seconde_pkg_node script to /home/qiu/ros2024/chapter2_ws/install/qiu_second_node_pkg/lib/qiu_second_node_pkg
Installing writer_node script to /home/qiu/ros2024/chapter2_ws/install/qiu_second_node_pkg/lib/qiu_second_node_pkg
writing list of installed files to '/home/qiu/ros2024/chapter2_ws/build/qiu_second_node_pkg/install.log'
