[0.007s] Invoking command in '/home/qiu/ros2024/chapter2_ws/build/qiu_1cpp_pkg': CMAKE_PREFIX_PATH=${CMAKE_PREFIX_PATH}:/home/qiu/ros2024/chapter2_ws/install/qiu_second_node_pkg:/home/qiu/ros2024/chapter2_ws/install/qiu_firt_node_pkg:/opt/ros/foxy CONDA_PROMPT_MODIFIER=(base) /usr/bin/cmake --build /home/qiu/ros2024/chapter2_ws/build/qiu_1cpp_pkg -- -j16 -l16
[0.031s] [35m[1mScanning dependencies of target ros2_cpp_node[0m
[0.045s] [ 50%] [32mBuilding CXX object CMakeFiles/ros2_cpp_node.dir/src/cpp_node.cpp.o[0m
[0.808s] [100%] [32m[1mLinking CXX executable ros2_cpp_node[0m
[0.868s] [100%] Built target ros2_cpp_node
[0.875s] Invoked command in '/home/qiu/ros2024/chapter2_ws/build/qiu_1cpp_pkg' returned '0': CMAKE_PREFIX_PATH=${CMAKE_PREFIX_PATH}:/home/qiu/ros2024/chapter2_ws/install/qiu_second_node_pkg:/home/qiu/ros2024/chapter2_ws/install/qiu_firt_node_pkg:/opt/ros/foxy CONDA_PROMPT_MODIFIER=(base) /usr/bin/cmake --build /home/qiu/ros2024/chapter2_ws/build/qiu_1cpp_pkg -- -j16 -l16
[0.898s] Invoking command in '/home/qiu/ros2024/chapter2_ws/build/qiu_1cpp_pkg': CMAKE_PREFIX_PATH=${CMAKE_PREFIX_PATH}:/home/qiu/ros2024/chapter2_ws/install/qiu_second_node_pkg:/home/qiu/ros2024/chapter2_ws/install/qiu_firt_node_pkg:/opt/ros/foxy CONDA_PROMPT_MODIFIER=(base) /usr/bin/cmake --install /home/qiu/ros2024/chapter2_ws/build/qiu_1cpp_pkg
[0.903s] -- Install configuration: ""
[0.903s] -- Installing: /home/qiu/ros2024/chapter2_ws/install/qiu_1cpp_pkg/lib/qiu_1cpp_pkg/ros2_cpp_node
[0.903s] -- Set runtime path of "/home/qiu/ros2024/chapter2_ws/install/qiu_1cpp_pkg/lib/qiu_1cpp_pkg/ros2_cpp_node" to ""
[0.903s] -- Up-to-date: /home/qiu/ros2024/chapter2_ws/install/qiu_1cpp_pkg/share/ament_index/resource_index/package_run_dependencies/qiu_1cpp_pkg
[0.903s] -- Up-to-date: /home/qiu/ros2024/chapter2_ws/install/qiu_1cpp_pkg/share/ament_index/resource_index/parent_prefix_path/qiu_1cpp_pkg
[0.903s] -- Up-to-date: /home/qiu/ros2024/chapter2_ws/install/qiu_1cpp_pkg/share/qiu_1cpp_pkg/environment/ament_prefix_path.sh
[0.903s] -- Up-to-date: /home/qiu/ros2024/chapter2_ws/install/qiu_1cpp_pkg/share/qiu_1cpp_pkg/environment/ament_prefix_path.dsv
[0.903s] -- Up-to-date: /home/qiu/ros2024/chapter2_ws/install/qiu_1cpp_pkg/share/qiu_1cpp_pkg/environment/path.sh
[0.903s] -- Up-to-date: /home/qiu/ros2024/chapter2_ws/install/qiu_1cpp_pkg/share/qiu_1cpp_pkg/environment/path.dsv
[0.903s] -- Up-to-date: /home/qiu/ros2024/chapter2_ws/install/qiu_1cpp_pkg/share/qiu_1cpp_pkg/local_setup.bash
[0.903s] -- Up-to-date: /home/qiu/ros2024/chapter2_ws/install/qiu_1cpp_pkg/share/qiu_1cpp_pkg/local_setup.sh
[0.904s] -- Up-to-date: /home/qiu/ros2024/chapter2_ws/install/qiu_1cpp_pkg/share/qiu_1cpp_pkg/local_setup.zsh
[0.904s] -- Up-to-date: /home/qiu/ros2024/chapter2_ws/install/qiu_1cpp_pkg/share/qiu_1cpp_pkg/local_setup.dsv
[0.904s] -- Installing: /home/qiu/ros2024/chapter2_ws/install/qiu_1cpp_pkg/share/qiu_1cpp_pkg/package.dsv
[0.904s] -- Up-to-date: /home/qiu/ros2024/chapter2_ws/install/qiu_1cpp_pkg/share/ament_index/resource_index/packages/qiu_1cpp_pkg
[0.904s] -- Up-to-date: /home/qiu/ros2024/chapter2_ws/install/qiu_1cpp_pkg/share/qiu_1cpp_pkg/cmake/qiu_1cpp_pkgConfig.cmake
[0.904s] -- Up-to-date: /home/qiu/ros2024/chapter2_ws/install/qiu_1cpp_pkg/share/qiu_1cpp_pkg/cmake/qiu_1cpp_pkgConfig-version.cmake
[0.904s] -- Up-to-date: /home/qiu/ros2024/chapter2_ws/install/qiu_1cpp_pkg/share/qiu_1cpp_pkg/package.xml
[0.905s] Invoked command in '/home/qiu/ros2024/chapter2_ws/build/qiu_1cpp_pkg' returned '0': CMAKE_PREFIX_PATH=${CMAKE_PREFIX_PATH}:/home/qiu/ros2024/chapter2_ws/install/qiu_second_node_pkg:/home/qiu/ros2024/chapter2_ws/install/qiu_firt_node_pkg:/opt/ros/foxy CONDA_PROMPT_MODIFIER=(base) /usr/bin/cmake --install /home/qiu/ros2024/chapter2_ws/build/qiu_1cpp_pkg
