[0.016s] Invoking command in '/home/qiu/ros2024/kunkun_chapter2_ws/hellopublic/build/qiu_1cpp_pkg': CMAKE_PREFIX_PATH=${CMAKE_PREFIX_PATH}:/home/qiu/ros2024/kunkun_chapter2_ws/hellopublic/install/qiu_second_node_pkg:/home/qiu/ros2024/kunkun_chapter2_ws/hellopublic/install/qiu_firt_node_pkg:/opt/ros/foxy CONDA_PROMPT_MODIFIER=(base) /usr/bin/cmake --build /home/qiu/ros2024/kunkun_chapter2_ws/hellopublic/build/qiu_1cpp_pkg -- -j16 -l16
[0.157s] [35m[1mScanning dependencies of target person_node[0m
[0.157s] [ 50%] Built target ros2_cpp_node
[0.158s] [ 75%] [32mBuilding CXX object CMakeFiles/person_node.dir/src/person.cpp.o[0m
[0.693s] [01m[K/home/qiu/ros2024/kunkun_chapter2_ws/hellopublic/src/qiu_1cpp_pkg/src/person.cpp:[m[K In function ‘[01m[Kint main(int, char**)[m[K’:
[0.693s] [01m[K/home/qiu/ros2024/kunkun_chapter2_ws/hellopublic/src/qiu_1cpp_pkg/src/person.cpp:23:25:[m[K [01;31m[Kerror: [m[Kinvalid conversion from ‘[01m[Kconst char*[m[K’ to ‘[01m[Kint[m[K’ [[01;31m[K-fpermissive[m[K]
[0.693s]      person p("kunkun",11[01;31m[K)[m[K;
[0.693s]                          [01;31m[K^[m[K
[0.693s] [01m[K/home/qiu/ros2024/kunkun_chapter2_ws/hellopublic/src/qiu_1cpp_pkg/src/person.cpp:8:20:[m[K [01;36m[Knote: [m[K  initializing argument 1 of ‘[01m[Kperson::person(int, int)[m[K’
[0.693s]          person([01;36m[Kint name[m[K,int age):m_name(name),m_age(age){}
[0.693s]                 [01;36m[K~~~~^~~~[m[K
[0.693s] [01m[K/home/qiu/ros2024/kunkun_chapter2_ws/hellopublic/src/qiu_1cpp_pkg/src/person.cpp:20:14:[m[K [01;35m[Kwarning: [m[Kunused parameter ‘[01m[Kargc[m[K’ [[01;35m[K-Wunused-parameter[m[K]
[0.693s]  int main([01;35m[Kint argc[m[K,char**argv)
[0.693s]           [01;35m[K~~~~^~~~[m[K
[0.693s] [01m[K/home/qiu/ros2024/kunkun_chapter2_ws/hellopublic/src/qiu_1cpp_pkg/src/person.cpp:20:25:[m[K [01;35m[Kwarning: [m[Kunused parameter ‘[01m[Kargv[m[K’ [[01;35m[K-Wunused-parameter[m[K]
[0.694s]  int main(int argc,[01;35m[Kchar**argv[m[K)
[0.694s]                    [01;35m[K~~~~~~^~~~[m[K
[0.880s] make[2]: *** [CMakeFiles/person_node.dir/build.make:63: CMakeFiles/person_node.dir/src/person.cpp.o] Error 1
[0.880s] make[1]: *** [CMakeFiles/Makefile2:107: CMakeFiles/person_node.dir/all] Error 2
[0.880s] make: *** [Makefile:141: all] Error 2
[0.882s] Invoked command in '/home/qiu/ros2024/kunkun_chapter2_ws/hellopublic/build/qiu_1cpp_pkg' returned '2': CMAKE_PREFIX_PATH=${CMAKE_PREFIX_PATH}:/home/qiu/ros2024/kunkun_chapter2_ws/hellopublic/install/qiu_second_node_pkg:/home/qiu/ros2024/kunkun_chapter2_ws/hellopublic/install/qiu_firt_node_pkg:/opt/ros/foxy CONDA_PROMPT_MODIFIER=(base) /usr/bin/cmake --build /home/qiu/ros2024/kunkun_chapter2_ws/hellopublic/build/qiu_1cpp_pkg -- -j16 -l16
