[0.538s] Invoking command in '/home/qiu/ros2024/chapter2_ws/src/qiu_second_node_pkg': CONDA_PROMPT_MODIFIER=(base) PYTHONPATH=/home/qiu/ros2024/chapter2_ws/build/qiu_second_node_pkg/prefix_override:/usr/lib/python3/dist-packages/colcon_core/task/python/colcon_distutils_commands:/home/qiu/ros2024/chapter2_ws/install/qiu_second_node_pkg/lib/python3.8/site-packages:${PYTHONPATH} /usr/bin/python3 -W ignore:setup.py install is deprecated setup.py egg_info --egg-base ../../build/qiu_second_node_pkg build --build-base /home/qiu/ros2024/chapter2_ws/build/qiu_second_node_pkg/build install --record /home/qiu/ros2024/chapter2_ws/build/qiu_second_node_pkg/install.log --install-scripts $base/lib/qiu_second_node_pkg --single-version-externally-managed install_data
[0.661s] running egg_info
[0.662s] writing ../../build/qiu_second_node_pkg/qiu_second_node_pkg.egg-info/PKG-INFO
[0.662s] writing dependency_links to ../../build/qiu_second_node_pkg/qiu_second_node_pkg.egg-info/dependency_links.txt
[0.662s] writing entry points to ../../build/qiu_second_node_pkg/qiu_second_node_pkg.egg-info/entry_points.txt
[0.662s] writing requirements to ../../build/qiu_second_node_pkg/qiu_second_node_pkg.egg-info/requires.txt
[0.662s] writing top-level names to ../../build/qiu_second_node_pkg/qiu_second_node_pkg.egg-info/top_level.txt
[0.682s] reading manifest file '../../build/qiu_second_node_pkg/qiu_second_node_pkg.egg-info/SOURCES.txt'
[0.683s] writing manifest file '../../build/qiu_second_node_pkg/qiu_second_node_pkg.egg-info/SOURCES.txt'
[0.683s] running build
[0.683s] running build_py
[0.683s] running install
[0.684s] running install_lib
[0.684s] byte-compiling /home/qiu/ros2024/chapter2_ws/install/qiu_second_node_pkg/lib/python3.8/site-packages/qiu_second_node_pkg/writer.py to writer.cpython-38.pyc
[0.685s] running install_data
[0.685s] running install_egg_info
[0.686s] removing '/home/qiu/ros2024/chapter2_ws/install/qiu_second_node_pkg/lib/python3.8/site-packages/qiu_second_node_pkg-0.0.0-py3.8.egg-info' (and everything under it)
[0.686s] Copying ../../build/qiu_second_node_pkg/qiu_second_node_pkg.egg-info to /home/qiu/ros2024/chapter2_ws/install/qiu_second_node_pkg/lib/python3.8/site-packages/qiu_second_node_pkg-0.0.0-py3.8.egg-info
[0.687s] running install_scripts
[0.696s] Installing person_node script to /home/qiu/ros2024/chapter2_ws/install/qiu_second_node_pkg/lib/qiu_second_node_pkg
[0.696s] Installing qiu_seconde_pkg_node script to /home/qiu/ros2024/chapter2_ws/install/qiu_second_node_pkg/lib/qiu_second_node_pkg
[0.696s] Installing writer_node script to /home/qiu/ros2024/chapter2_ws/install/qiu_second_node_pkg/lib/qiu_second_node_pkg
[0.697s] writing list of installed files to '/home/qiu/ros2024/chapter2_ws/build/qiu_second_node_pkg/install.log'
[0.718s] Invoked command in '/home/qiu/ros2024/chapter2_ws/src/qiu_second_node_pkg' returned '0': CONDA_PROMPT_MODIFIER=(base) PYTHONPATH=/home/qiu/ros2024/chapter2_ws/build/qiu_second_node_pkg/prefix_override:/usr/lib/python3/dist-packages/colcon_core/task/python/colcon_distutils_commands:/home/qiu/ros2024/chapter2_ws/install/qiu_second_node_pkg/lib/python3.8/site-packages:${PYTHONPATH} /usr/bin/python3 -W ignore:setup.py install is deprecated setup.py egg_info --egg-base ../../build/qiu_second_node_pkg build --build-base /home/qiu/ros2024/chapter2_ws/build/qiu_second_node_pkg/build install --record /home/qiu/ros2024/chapter2_ws/build/qiu_second_node_pkg/install.log --install-scripts $base/lib/qiu_second_node_pkg --single-version-externally-managed install_data
