[0.111s] DEBUG:colcon:Command line arguments: ['/usr/bin/colcon', 'build', '--packages-select', 'qiu_1cpp_pkg']
[0.111s] DEBUG:colcon:Parsed command line arguments: Namespace(allow_overriding=[], ament_cmake_args=None, base_paths=['.'], build_base='build', catkin_cmake_args=None, catkin_skip_building_tests=False, cmake_args=None, cmake_clean_cache=False, cmake_clean_first=False, cmake_force_configure=False, cmake_target=None, cmake_target_skip_unavailable=False, continue_on_error=False, event_handlers=None, executor='parallel', ignore_user_meta=False, install_base='install', log_base=None, log_level=None, main=<bound method BuildVerb.main of <colcon_core.verb.build.BuildVerb object at 0x7fdbaa7c07c0>>, merge_install=False, metas=['./colcon.meta'], packages_above=None, packages_above_and_dependencies=None, packages_above_depth=None, packages_end=None, packages_ignore=None, packages_ignore_regex=None, packages_select=['qiu_1cpp_pkg'], packages_select_build_failed=False, packages_select_by_dep=None, packages_select_regex=None, packages_select_test_failures=False, packages_skip=None, packages_skip_build_finished=False, packages_skip_by_dep=None, packages_skip_regex=None, packages_skip_test_passed=False, packages_skip_up_to=None, packages_start=None, packages_up_to=None, packages_up_to_regex=None, parallel_workers=16, paths=None, symlink_install=False, test_result_base=None, verb_extension=<colcon_core.verb.build.BuildVerb object at 0x7fdbaa7c07c0>, verb_name='build', verb_parser=<colcon_defaults.argument_parser.defaults.DefaultArgumentsDecorator object at 0x7fdbaa696130>)
[0.197s] Level 1:colcon.colcon_core.package_discovery:discover_packages(colcon_meta) check parameters
[0.197s] Level 1:colcon.colcon_core.package_discovery:discover_packages(recursive) check parameters
[0.197s] Level 1:colcon.colcon_core.package_discovery:discover_packages(ignore) check parameters
[0.197s] Level 1:colcon.colcon_core.package_discovery:discover_packages(path) check parameters
[0.197s] Level 1:colcon.colcon_core.package_discovery:discover_packages(colcon_meta) discover
[0.197s] Level 1:colcon.colcon_core.package_discovery:discover_packages(recursive) discover
[0.197s] INFO:colcon.colcon_core.package_discovery:Crawling recursively for packages in '/home/qiu/ros2024/chapter2_ws'
[0.197s] Level 1:colcon.colcon_core.package_identification:_identify(.) by extensions ['ignore', 'ignore_ament_install']
[0.197s] Level 1:colcon.colcon_core.package_identification:_identify(.) by extension 'ignore'
[0.197s] Level 1:colcon.colcon_core.package_identification:_identify(.) by extension 'ignore_ament_install'
[0.197s] Level 1:colcon.colcon_core.package_identification:_identify(.) by extensions ['colcon_pkg']
[0.197s] Level 1:colcon.colcon_core.package_identification:_identify(.) by extension 'colcon_pkg'
[0.197s] Level 1:colcon.colcon_core.package_identification:_identify(.) by extensions ['colcon_meta']
[0.197s] Level 1:colcon.colcon_core.package_identification:_identify(.) by extension 'colcon_meta'
[0.197s] Level 1:colcon.colcon_core.package_identification:_identify(.) by extensions ['ros']
[0.197s] Level 1:colcon.colcon_core.package_identification:_identify(.) by extension 'ros'
[0.204s] Level 1:colcon.colcon_core.package_identification:_identify(.) by extensions ['cmake', 'python']
[0.204s] Level 1:colcon.colcon_core.package_identification:_identify(.) by extension 'cmake'
[0.204s] Level 1:colcon.colcon_core.package_identification:_identify(.) by extension 'python'
[0.204s] Level 1:colcon.colcon_core.package_identification:_identify(.) by extensions ['python_setup_py']
[0.204s] Level 1:colcon.colcon_core.package_identification:_identify(.) by extension 'python_setup_py'
[0.204s] Level 1:colcon.colcon_core.package_identification:_identify(build) by extensions ['ignore', 'ignore_ament_install']
[0.204s] Level 1:colcon.colcon_core.package_identification:_identify(build) by extension 'ignore'
[0.204s] Level 1:colcon.colcon_core.package_identification:_identify(build) ignored
[0.204s] Level 1:colcon.colcon_core.package_identification:_identify(install) by extensions ['ignore', 'ignore_ament_install']
[0.204s] Level 1:colcon.colcon_core.package_identification:_identify(install) by extension 'ignore'
[0.204s] Level 1:colcon.colcon_core.package_identification:_identify(install) ignored
[0.204s] Level 1:colcon.colcon_core.package_identification:_identify(log) by extensions ['ignore', 'ignore_ament_install']
[0.204s] Level 1:colcon.colcon_core.package_identification:_identify(log) by extension 'ignore'
[0.204s] Level 1:colcon.colcon_core.package_identification:_identify(log) ignored
[0.204s] Level 1:colcon.colcon_core.package_identification:_identify(src) by extensions ['ignore', 'ignore_ament_install']
[0.205s] Level 1:colcon.colcon_core.package_identification:_identify(src) by extension 'ignore'
[0.205s] Level 1:colcon.colcon_core.package_identification:_identify(src) by extension 'ignore_ament_install'
[0.205s] Level 1:colcon.colcon_core.package_identification:_identify(src) by extensions ['colcon_pkg']
[0.205s] Level 1:colcon.colcon_core.package_identification:_identify(src) by extension 'colcon_pkg'
[0.205s] Level 1:colcon.colcon_core.package_identification:_identify(src) by extensions ['colcon_meta']
[0.205s] Level 1:colcon.colcon_core.package_identification:_identify(src) by extension 'colcon_meta'
[0.205s] Level 1:colcon.colcon_core.package_identification:_identify(src) by extensions ['ros']
[0.205s] Level 1:colcon.colcon_core.package_identification:_identify(src) by extension 'ros'
[0.205s] Level 1:colcon.colcon_core.package_identification:_identify(src) by extensions ['cmake', 'python']
[0.205s] Level 1:colcon.colcon_core.package_identification:_identify(src) by extension 'cmake'
[0.205s] Level 1:colcon.colcon_core.package_identification:_identify(src) by extension 'python'
[0.205s] Level 1:colcon.colcon_core.package_identification:_identify(src) by extensions ['python_setup_py']
[0.205s] Level 1:colcon.colcon_core.package_identification:_identify(src) by extension 'python_setup_py'
[0.205s] Level 1:colcon.colcon_core.package_identification:_identify(src/qiu_1cpp_pkg) by extensions ['ignore', 'ignore_ament_install']
[0.205s] Level 1:colcon.colcon_core.package_identification:_identify(src/qiu_1cpp_pkg) by extension 'ignore'
[0.205s] Level 1:colcon.colcon_core.package_identification:_identify(src/qiu_1cpp_pkg) by extension 'ignore_ament_install'
[0.205s] Level 1:colcon.colcon_core.package_identification:_identify(src/qiu_1cpp_pkg) by extensions ['colcon_pkg']
[0.205s] Level 1:colcon.colcon_core.package_identification:_identify(src/qiu_1cpp_pkg) by extension 'colcon_pkg'
[0.205s] Level 1:colcon.colcon_core.package_identification:_identify(src/qiu_1cpp_pkg) by extensions ['colcon_meta']
[0.205s] Level 1:colcon.colcon_core.package_identification:_identify(src/qiu_1cpp_pkg) by extension 'colcon_meta'
[0.205s] Level 1:colcon.colcon_core.package_identification:_identify(src/qiu_1cpp_pkg) by extensions ['ros']
[0.205s] Level 1:colcon.colcon_core.package_identification:_identify(src/qiu_1cpp_pkg) by extension 'ros'
[0.207s] DEBUG:colcon.colcon_core.package_identification:Package 'src/qiu_1cpp_pkg' with type 'ros.ament_cmake' and name 'qiu_1cpp_pkg'
[0.207s] Level 1:colcon.colcon_core.package_identification:_identify(src/qiu_firt_node_pkg) by extensions ['ignore', 'ignore_ament_install']
[0.207s] Level 1:colcon.colcon_core.package_identification:_identify(src/qiu_firt_node_pkg) by extension 'ignore'
[0.207s] Level 1:colcon.colcon_core.package_identification:_identify(src/qiu_firt_node_pkg) by extension 'ignore_ament_install'
[0.207s] Level 1:colcon.colcon_core.package_identification:_identify(src/qiu_firt_node_pkg) by extensions ['colcon_pkg']
[0.207s] Level 1:colcon.colcon_core.package_identification:_identify(src/qiu_firt_node_pkg) by extension 'colcon_pkg'
[0.207s] Level 1:colcon.colcon_core.package_identification:_identify(src/qiu_firt_node_pkg) by extensions ['colcon_meta']
[0.207s] Level 1:colcon.colcon_core.package_identification:_identify(src/qiu_firt_node_pkg) by extension 'colcon_meta'
[0.207s] Level 1:colcon.colcon_core.package_identification:_identify(src/qiu_firt_node_pkg) by extensions ['ros']
[0.207s] Level 1:colcon.colcon_core.package_identification:_identify(src/qiu_firt_node_pkg) by extension 'ros'
[0.207s] DEBUG:colcon.colcon_core.package_identification:Package 'src/qiu_firt_node_pkg' with type 'ros.ament_python' and name 'qiu_firt_node_pkg'
[0.207s] Level 1:colcon.colcon_core.package_identification:_identify(src/qiu_second_node_pkg) by extensions ['ignore', 'ignore_ament_install']
[0.207s] Level 1:colcon.colcon_core.package_identification:_identify(src/qiu_second_node_pkg) by extension 'ignore'
[0.208s] Level 1:colcon.colcon_core.package_identification:_identify(src/qiu_second_node_pkg) by extension 'ignore_ament_install'
[0.208s] Level 1:colcon.colcon_core.package_identification:_identify(src/qiu_second_node_pkg) by extensions ['colcon_pkg']
[0.208s] Level 1:colcon.colcon_core.package_identification:_identify(src/qiu_second_node_pkg) by extension 'colcon_pkg'
[0.208s] Level 1:colcon.colcon_core.package_identification:_identify(src/qiu_second_node_pkg) by extensions ['colcon_meta']
[0.208s] Level 1:colcon.colcon_core.package_identification:_identify(src/qiu_second_node_pkg) by extension 'colcon_meta'
[0.208s] Level 1:colcon.colcon_core.package_identification:_identify(src/qiu_second_node_pkg) by extensions ['ros']
[0.208s] Level 1:colcon.colcon_core.package_identification:_identify(src/qiu_second_node_pkg) by extension 'ros'
[0.208s] DEBUG:colcon.colcon_core.package_identification:Package 'src/qiu_second_node_pkg' with type 'ros.ament_python' and name 'qiu_second_node_pkg'
[0.208s] Level 1:colcon.colcon_core.package_discovery:discover_packages(recursive) using defaults
[0.208s] Level 1:colcon.colcon_core.package_discovery:discover_packages(ignore) discover
[0.208s] Level 1:colcon.colcon_core.package_discovery:discover_packages(ignore) using defaults
[0.208s] Level 1:colcon.colcon_core.package_discovery:discover_packages(path) discover
[0.208s] Level 1:colcon.colcon_core.package_discovery:discover_packages(path) using defaults
[0.218s] INFO:colcon.colcon_core.package_selection:Skipping not selected package 'qiu_firt_node_pkg' in 'src/qiu_firt_node_pkg'
[0.218s] INFO:colcon.colcon_core.package_selection:Skipping not selected package 'qiu_second_node_pkg' in 'src/qiu_second_node_pkg'
[0.218s] Level 1:colcon.colcon_core.package_discovery:discover_packages(prefix_path) check parameters
[0.218s] Level 1:colcon.colcon_core.package_discovery:discover_packages(prefix_path) discover
[0.219s] DEBUG:colcon.colcon_installed_package_information.package_discovery:Found 3 installed packages in /home/qiu/ros2024/chapter2_ws/install
[0.220s] DEBUG:colcon.colcon_installed_package_information.package_discovery:Found 262 installed packages in /opt/ros/foxy
[0.220s] Level 1:colcon.colcon_core.package_discovery:discover_packages(prefix_path) using defaults
[0.257s] Level 5:colcon.colcon_core.verb:set package 'qiu_1cpp_pkg' build argument 'cmake_args' from command line to 'None'
[0.257s] Level 5:colcon.colcon_core.verb:set package 'qiu_1cpp_pkg' build argument 'cmake_target' from command line to 'None'
[0.257s] Level 5:colcon.colcon_core.verb:set package 'qiu_1cpp_pkg' build argument 'cmake_target_skip_unavailable' from command line to 'False'
[0.257s] Level 5:colcon.colcon_core.verb:set package 'qiu_1cpp_pkg' build argument 'cmake_clean_cache' from command line to 'False'
[0.257s] Level 5:colcon.colcon_core.verb:set package 'qiu_1cpp_pkg' build argument 'cmake_clean_first' from command line to 'False'
[0.257s] Level 5:colcon.colcon_core.verb:set package 'qiu_1cpp_pkg' build argument 'cmake_force_configure' from command line to 'False'
[0.257s] Level 5:colcon.colcon_core.verb:set package 'qiu_1cpp_pkg' build argument 'ament_cmake_args' from command line to 'None'
[0.257s] Level 5:colcon.colcon_core.verb:set package 'qiu_1cpp_pkg' build argument 'catkin_cmake_args' from command line to 'None'
[0.257s] Level 5:colcon.colcon_core.verb:set package 'qiu_1cpp_pkg' build argument 'catkin_skip_building_tests' from command line to 'False'
[0.257s] DEBUG:colcon.colcon_core.verb:Building package 'qiu_1cpp_pkg' with the following arguments: {'ament_cmake_args': None, 'build_base': '/home/qiu/ros2024/chapter2_ws/build/qiu_1cpp_pkg', 'catkin_cmake_args': None, 'catkin_skip_building_tests': False, 'cmake_args': None, 'cmake_clean_cache': False, 'cmake_clean_first': False, 'cmake_force_configure': False, 'cmake_target': None, 'cmake_target_skip_unavailable': False, 'install_base': '/home/qiu/ros2024/chapter2_ws/install/qiu_1cpp_pkg', 'merge_install': False, 'path': '/home/qiu/ros2024/chapter2_ws/src/qiu_1cpp_pkg', 'symlink_install': False, 'test_result_base': None}
[0.257s] INFO:colcon.colcon_core.executor:Executing jobs using 'parallel' executor
[0.257s] DEBUG:colcon.colcon_parallel_executor.executor.parallel:run_until_complete
[0.258s] INFO:colcon.colcon_ros.task.ament_cmake.build:Building ROS package in '/home/qiu/ros2024/chapter2_ws/src/qiu_1cpp_pkg' with build type 'ament_cmake'
[0.258s] INFO:colcon.colcon_cmake.task.cmake.build:Building CMake package in '/home/qiu/ros2024/chapter2_ws/src/qiu_1cpp_pkg'
[0.259s] INFO:colcon.colcon_core.plugin_system:Skipping extension 'colcon_core.shell.bat': Not used on non-Windows systems
[0.259s] INFO:colcon.colcon_core.shell:Skip shell extension 'powershell' for command environment: Not usable outside of PowerShell
[0.259s] DEBUG:colcon.colcon_core.shell:Skip shell extension 'dsv' for command environment
[0.266s] DEBUG:colcon.colcon_core.event_handler.log_command:Invoking command in '/home/qiu/ros2024/chapter2_ws/build/qiu_1cpp_pkg': CMAKE_PREFIX_PATH=${CMAKE_PREFIX_PATH}:/home/qiu/ros2024/chapter2_ws/install/qiu_second_node_pkg:/home/qiu/ros2024/chapter2_ws/install/qiu_firt_node_pkg:/opt/ros/foxy CONDA_PROMPT_MODIFIER=(base) /usr/bin/cmake --build /home/qiu/ros2024/chapter2_ws/build/qiu_1cpp_pkg -- -j16 -l16
[1.126s] DEBUG:colcon.colcon_core.event_handler.log_command:Invoked command in '/home/qiu/ros2024/chapter2_ws/build/qiu_1cpp_pkg' returned '0': CMAKE_PREFIX_PATH=${CMAKE_PREFIX_PATH}:/home/qiu/ros2024/chapter2_ws/install/qiu_second_node_pkg:/home/qiu/ros2024/chapter2_ws/install/qiu_firt_node_pkg:/opt/ros/foxy CONDA_PROMPT_MODIFIER=(base) /usr/bin/cmake --build /home/qiu/ros2024/chapter2_ws/build/qiu_1cpp_pkg -- -j16 -l16
[1.148s] DEBUG:colcon.colcon_core.event_handler.log_command:Invoking command in '/home/qiu/ros2024/chapter2_ws/build/qiu_1cpp_pkg': CMAKE_PREFIX_PATH=${CMAKE_PREFIX_PATH}:/home/qiu/ros2024/chapter2_ws/install/qiu_second_node_pkg:/home/qiu/ros2024/chapter2_ws/install/qiu_firt_node_pkg:/opt/ros/foxy CONDA_PROMPT_MODIFIER=(base) /usr/bin/cmake --install /home/qiu/ros2024/chapter2_ws/build/qiu_1cpp_pkg
[1.154s] Level 1:colcon.colcon_core.environment:create_environment_scripts_only(qiu_1cpp_pkg)
[1.155s] DEBUG:colcon.colcon_core.event_handler.log_command:Invoked command in '/home/qiu/ros2024/chapter2_ws/build/qiu_1cpp_pkg' returned '0': CMAKE_PREFIX_PATH=${CMAKE_PREFIX_PATH}:/home/qiu/ros2024/chapter2_ws/install/qiu_second_node_pkg:/home/qiu/ros2024/chapter2_ws/install/qiu_firt_node_pkg:/opt/ros/foxy CONDA_PROMPT_MODIFIER=(base) /usr/bin/cmake --install /home/qiu/ros2024/chapter2_ws/build/qiu_1cpp_pkg
[1.157s] Level 1:colcon.colcon_core.environment:checking '/home/qiu/ros2024/chapter2_ws/install/qiu_1cpp_pkg' for CMake module files
[1.157s] Level 1:colcon.colcon_core.environment:checking '/home/qiu/ros2024/chapter2_ws/install/qiu_1cpp_pkg' for CMake config files
[1.157s] Level 1:colcon.colcon_core.shell:create_environment_hook('qiu_1cpp_pkg', 'cmake_prefix_path')
[1.158s] INFO:colcon.colcon_core.shell:Creating environment hook '/home/qiu/ros2024/chapter2_ws/install/qiu_1cpp_pkg/share/qiu_1cpp_pkg/hook/cmake_prefix_path.ps1'
[1.158s] INFO:colcon.colcon_core.shell:Creating environment descriptor '/home/qiu/ros2024/chapter2_ws/install/qiu_1cpp_pkg/share/qiu_1cpp_pkg/hook/cmake_prefix_path.dsv'
[1.158s] INFO:colcon.colcon_core.shell:Creating environment hook '/home/qiu/ros2024/chapter2_ws/install/qiu_1cpp_pkg/share/qiu_1cpp_pkg/hook/cmake_prefix_path.sh'
[1.159s] Level 1:colcon.colcon_core.environment:checking '/home/qiu/ros2024/chapter2_ws/install/qiu_1cpp_pkg/lib'
[1.160s] Level 1:colcon.colcon_core.environment:checking '/home/qiu/ros2024/chapter2_ws/install/qiu_1cpp_pkg/bin'
[1.160s] Level 1:colcon.colcon_core.environment:checking '/home/qiu/ros2024/chapter2_ws/install/qiu_1cpp_pkg/lib/pkgconfig/qiu_1cpp_pkg.pc'
[1.160s] Level 1:colcon.colcon_core.environment:checking '/home/qiu/ros2024/chapter2_ws/install/qiu_1cpp_pkg/lib/python3.8/site-packages'
[1.160s] Level 1:colcon.colcon_core.environment:checking '/home/qiu/ros2024/chapter2_ws/install/qiu_1cpp_pkg/bin'
[1.160s] INFO:colcon.colcon_core.shell:Creating package script '/home/qiu/ros2024/chapter2_ws/install/qiu_1cpp_pkg/share/qiu_1cpp_pkg/package.ps1'
[1.161s] INFO:colcon.colcon_core.shell:Creating package descriptor '/home/qiu/ros2024/chapter2_ws/install/qiu_1cpp_pkg/share/qiu_1cpp_pkg/package.dsv'
[1.161s] INFO:colcon.colcon_core.shell:Creating package script '/home/qiu/ros2024/chapter2_ws/install/qiu_1cpp_pkg/share/qiu_1cpp_pkg/package.sh'
[1.162s] INFO:colcon.colcon_core.shell:Creating package script '/home/qiu/ros2024/chapter2_ws/install/qiu_1cpp_pkg/share/qiu_1cpp_pkg/package.bash'
[1.162s] INFO:colcon.colcon_core.shell:Creating package script '/home/qiu/ros2024/chapter2_ws/install/qiu_1cpp_pkg/share/qiu_1cpp_pkg/package.zsh'
[1.163s] Level 1:colcon.colcon_core.environment:create_file_with_runtime_dependencies(/home/qiu/ros2024/chapter2_ws/install/qiu_1cpp_pkg/share/colcon-core/packages/qiu_1cpp_pkg)
[1.178s] Level 1:colcon.colcon_core.environment:create_environment_scripts_only(qiu_1cpp_pkg)
[1.178s] Level 1:colcon.colcon_core.environment:checking '/home/qiu/ros2024/chapter2_ws/install/qiu_1cpp_pkg' for CMake module files
[1.179s] Level 1:colcon.colcon_core.environment:checking '/home/qiu/ros2024/chapter2_ws/install/qiu_1cpp_pkg' for CMake config files
[1.179s] Level 1:colcon.colcon_core.shell:create_environment_hook('qiu_1cpp_pkg', 'cmake_prefix_path')
[1.179s] INFO:colcon.colcon_core.shell:Creating environment hook '/home/qiu/ros2024/chapter2_ws/install/qiu_1cpp_pkg/share/qiu_1cpp_pkg/hook/cmake_prefix_path.ps1'
[1.179s] INFO:colcon.colcon_core.shell:Creating environment descriptor '/home/qiu/ros2024/chapter2_ws/install/qiu_1cpp_pkg/share/qiu_1cpp_pkg/hook/cmake_prefix_path.dsv'
[1.180s] INFO:colcon.colcon_core.shell:Creating environment hook '/home/qiu/ros2024/chapter2_ws/install/qiu_1cpp_pkg/share/qiu_1cpp_pkg/hook/cmake_prefix_path.sh'
[1.180s] Level 1:colcon.colcon_core.environment:checking '/home/qiu/ros2024/chapter2_ws/install/qiu_1cpp_pkg/lib'
[1.180s] Level 1:colcon.colcon_core.environment:checking '/home/qiu/ros2024/chapter2_ws/install/qiu_1cpp_pkg/bin'
[1.180s] Level 1:colcon.colcon_core.environment:checking '/home/qiu/ros2024/chapter2_ws/install/qiu_1cpp_pkg/lib/pkgconfig/qiu_1cpp_pkg.pc'
[1.180s] Level 1:colcon.colcon_core.environment:checking '/home/qiu/ros2024/chapter2_ws/install/qiu_1cpp_pkg/lib/python3.8/site-packages'
[1.180s] Level 1:colcon.colcon_core.environment:checking '/home/qiu/ros2024/chapter2_ws/install/qiu_1cpp_pkg/bin'
[1.181s] INFO:colcon.colcon_core.shell:Creating package script '/home/qiu/ros2024/chapter2_ws/install/qiu_1cpp_pkg/share/qiu_1cpp_pkg/package.ps1'
[1.181s] INFO:colcon.colcon_core.shell:Creating package descriptor '/home/qiu/ros2024/chapter2_ws/install/qiu_1cpp_pkg/share/qiu_1cpp_pkg/package.dsv'
[1.181s] INFO:colcon.colcon_core.shell:Creating package script '/home/qiu/ros2024/chapter2_ws/install/qiu_1cpp_pkg/share/qiu_1cpp_pkg/package.sh'
[1.181s] INFO:colcon.colcon_core.shell:Creating package script '/home/qiu/ros2024/chapter2_ws/install/qiu_1cpp_pkg/share/qiu_1cpp_pkg/package.bash'
[1.182s] INFO:colcon.colcon_core.shell:Creating package script '/home/qiu/ros2024/chapter2_ws/install/qiu_1cpp_pkg/share/qiu_1cpp_pkg/package.zsh'
[1.182s] Level 1:colcon.colcon_core.environment:create_file_with_runtime_dependencies(/home/qiu/ros2024/chapter2_ws/install/qiu_1cpp_pkg/share/colcon-core/packages/qiu_1cpp_pkg)
[1.182s] DEBUG:colcon.colcon_parallel_executor.executor.parallel:closing loop
[1.182s] DEBUG:colcon.colcon_parallel_executor.executor.parallel:loop closed
[1.182s] DEBUG:colcon.colcon_parallel_executor.executor.parallel:run_until_complete finished with '0'
[1.182s] DEBUG:colcon.colcon_core.event_reactor:joining thread
[1.186s] INFO:colcon.colcon_core.plugin_system:Skipping extension 'colcon_notification.desktop_notification.terminal_notifier': Not used on non-Darwin systems
[1.186s] INFO:colcon.colcon_core.plugin_system:Skipping extension 'colcon_notification.desktop_notification.win32': Not used on non-Windows systems
[1.186s] INFO:colcon.colcon_notification.desktop_notification:Sending desktop notification using 'notify2'
[1.192s] DEBUG:colcon.colcon_core.event_reactor:joined thread
[1.192s] INFO:colcon.colcon_core.shell:Creating prefix script '/home/qiu/ros2024/chapter2_ws/install/local_setup.ps1'
[1.193s] INFO:colcon.colcon_core.shell:Creating prefix util module '/home/qiu/ros2024/chapter2_ws/install/_local_setup_util_ps1.py'
[1.194s] INFO:colcon.colcon_core.shell:Creating prefix chain script '/home/qiu/ros2024/chapter2_ws/install/setup.ps1'
[1.194s] INFO:colcon.colcon_core.shell:Creating prefix script '/home/qiu/ros2024/chapter2_ws/install/local_setup.sh'
[1.195s] INFO:colcon.colcon_core.shell:Creating prefix util module '/home/qiu/ros2024/chapter2_ws/install/_local_setup_util_sh.py'
[1.195s] INFO:colcon.colcon_core.shell:Creating prefix chain script '/home/qiu/ros2024/chapter2_ws/install/setup.sh'
[1.196s] INFO:colcon.colcon_core.shell:Creating prefix script '/home/qiu/ros2024/chapter2_ws/install/local_setup.bash'
[1.196s] INFO:colcon.colcon_core.shell:Creating prefix chain script '/home/qiu/ros2024/chapter2_ws/install/setup.bash'
[1.196s] INFO:colcon.colcon_core.shell:Creating prefix script '/home/qiu/ros2024/chapter2_ws/install/local_setup.zsh'
[1.197s] INFO:colcon.colcon_core.shell:Creating prefix chain script '/home/qiu/ros2024/chapter2_ws/install/setup.zsh'
