running egg_info
creating ../../build/qiu_firt_node_pkg/qiu_firt_node_pkg.egg-info
writing ../../build/qiu_firt_node_pkg/qiu_firt_node_pkg.egg-info/PKG-INFO
writing dependency_links to ../../build/qiu_firt_node_pkg/qiu_firt_node_pkg.egg-info/dependency_links.txt
writing entry points to ../../build/qiu_firt_node_pkg/qiu_firt_node_pkg.egg-info/entry_points.txt
writing requirements to ../../build/qiu_firt_node_pkg/qiu_firt_node_pkg.egg-info/requires.txt
writing top-level names to ../../build/qiu_firt_node_pkg/qiu_firt_node_pkg.egg-info/top_level.txt
writing manifest file '../../build/qiu_firt_node_pkg/qiu_firt_node_pkg.egg-info/SOURCES.txt'
reading manifest file '../../build/qiu_firt_node_pkg/qiu_firt_node_pkg.egg-info/SOURCES.txt'
writing manifest file '../../build/qiu_firt_node_pkg/qiu_firt_node_pkg.egg-info/SOURCES.txt'
running build
running build_py
creating /home/qiu/ros2024/kunkun_chapter2_ws/hellopublic/build/qiu_firt_node_pkg/build
creating /home/qiu/ros2024/kunkun_chapter2_ws/hellopublic/build/qiu_firt_node_pkg/build/lib
creating /home/qiu/ros2024/kunkun_chapter2_ws/hellopublic/build/qiu_firt_node_pkg/build/lib/qiu_firt_node_pkg
copying qiu_firt_node_pkg/__init__.py -> /home/qiu/ros2024/kunkun_chapter2_ws/hellopublic/build/qiu_firt_node_pkg/build/lib/qiu_firt_node_pkg
copying qiu_firt_node_pkg/node.py -> /home/qiu/ros2024/kunkun_chapter2_ws/hellopublic/build/qiu_firt_node_pkg/build/lib/qiu_firt_node_pkg
running install
running install_lib
creating /home/qiu/ros2024/kunkun_chapter2_ws/hellopublic/install/qiu_firt_node_pkg/lib/python3.8/site-packages/qiu_firt_node_pkg
copying /home/qiu/ros2024/kunkun_chapter2_ws/hellopublic/build/qiu_firt_node_pkg/build/lib/qiu_firt_node_pkg/__init__.py -> /home/qiu/ros2024/kunkun_chapter2_ws/hellopublic/install/qiu_firt_node_pkg/lib/python3.8/site-packages/qiu_firt_node_pkg
copying /home/qiu/ros2024/kunkun_chapter2_ws/hellopublic/build/qiu_firt_node_pkg/build/lib/qiu_firt_node_pkg/node.py -> /home/qiu/ros2024/kunkun_chapter2_ws/hellopublic/install/qiu_firt_node_pkg/lib/python3.8/site-packages/qiu_firt_node_pkg
byte-compiling /home/qiu/ros2024/kunkun_chapter2_ws/hellopublic/install/qiu_firt_node_pkg/lib/python3.8/site-packages/qiu_firt_node_pkg/__init__.py to __init__.cpython-38.pyc
byte-compiling /home/qiu/ros2024/kunkun_chapter2_ws/hellopublic/install/qiu_firt_node_pkg/lib/python3.8/site-packages/qiu_firt_node_pkg/node.py to node.cpython-38.pyc
running install_data
creating /home/qiu/ros2024/kunkun_chapter2_ws/hellopublic/install/qiu_firt_node_pkg/share/ament_index
creating /home/qiu/ros2024/kunkun_chapter2_ws/hellopublic/install/qiu_firt_node_pkg/share/ament_index/resource_index
creating /home/qiu/ros2024/kunkun_chapter2_ws/hellopublic/install/qiu_firt_node_pkg/share/ament_index/resource_index/packages
copying resource/qiu_firt_node_pkg -> /home/qiu/ros2024/kunkun_chapter2_ws/hellopublic/install/qiu_firt_node_pkg/share/ament_index/resource_index/packages
copying package.xml -> /home/qiu/ros2024/kunkun_chapter2_ws/hellopublic/install/qiu_firt_node_pkg/share/qiu_firt_node_pkg
running install_egg_info
Copying ../../build/qiu_firt_node_pkg/qiu_firt_node_pkg.egg-info to /home/qiu/ros2024/kunkun_chapter2_ws/hellopublic/install/qiu_firt_node_pkg/lib/python3.8/site-packages/qiu_firt_node_pkg-0.0.0-py3.8.egg-info
running install_scripts
Installing node_exe script to /home/qiu/ros2024/kunkun_chapter2_ws/hellopublic/install/qiu_firt_node_pkg/lib/qiu_firt_node_pkg
writing list of installed files to '/home/qiu/ros2024/kunkun_chapter2_ws/hellopublic/build/qiu_firt_node_pkg/install.log'
