[35m[1mScanning dependencies of target ros2_cpp_node[0m
[100%] Built target ros2_cpp_node
CMake Error: The current CMakeCache.txt directory /home/qiu/ros2024/kunkun_chapter2_ws/hellopublic/build/qiu_1cpp_pkg/CMakeCache.txt is different than the directory /home/qiu/ros2024/chapter2_ws/build/qiu_1cpp_pkg where CMakeCache.txt was created. This may result in binaries being created in the wrong place. If you are not sure, reedit the CMakeCache.txt
-- Install configuration: ""
-- Up-to-date: /home/qiu/ros2024/chapter2_ws/install/qiu_1cpp_pkg/lib/qiu_1cpp_pkg/ros2_cpp_node
-- Up-to-date: /home/qiu/ros2024/chapter2_ws/install/qiu_1cpp_pkg/share/ament_index/resource_index/package_run_dependencies/qiu_1cpp_pkg
-- Up-to-date: /home/qiu/ros2024/chapter2_ws/install/qiu_1cpp_pkg/share/ament_index/resource_index/parent_prefix_path/qiu_1cpp_pkg
-- Up-to-date: /home/qiu/ros2024/chapter2_ws/install/qiu_1cpp_pkg/share/qiu_1cpp_pkg/environment/ament_prefix_path.sh
-- Up-to-date: /home/qiu/ros2024/chapter2_ws/install/qiu_1cpp_pkg/share/qiu_1cpp_pkg/environment/ament_prefix_path.dsv
-- Up-to-date: /home/qiu/ros2024/chapter2_ws/install/qiu_1cpp_pkg/share/qiu_1cpp_pkg/environment/path.sh
-- Up-to-date: /home/qiu/ros2024/chapter2_ws/install/qiu_1cpp_pkg/share/qiu_1cpp_pkg/environment/path.dsv
-- Up-to-date: /home/qiu/ros2024/chapter2_ws/install/qiu_1cpp_pkg/share/qiu_1cpp_pkg/local_setup.bash
-- Up-to-date: /home/qiu/ros2024/chapter2_ws/install/qiu_1cpp_pkg/share/qiu_1cpp_pkg/local_setup.sh
-- Up-to-date: /home/qiu/ros2024/chapter2_ws/install/qiu_1cpp_pkg/share/qiu_1cpp_pkg/local_setup.zsh
-- Up-to-date: /home/qiu/ros2024/chapter2_ws/install/qiu_1cpp_pkg/share/qiu_1cpp_pkg/local_setup.dsv
-- Installing: /home/qiu/ros2024/chapter2_ws/install/qiu_1cpp_pkg/share/qiu_1cpp_pkg/package.dsv
-- Up-to-date: /home/qiu/ros2024/chapter2_ws/install/qiu_1cpp_pkg/share/ament_index/resource_index/packages/qiu_1cpp_pkg
-- Up-to-date: /home/qiu/ros2024/chapter2_ws/install/qiu_1cpp_pkg/share/qiu_1cpp_pkg/cmake/qiu_1cpp_pkgConfig.cmake
-- Up-to-date: /home/qiu/ros2024/chapter2_ws/install/qiu_1cpp_pkg/share/qiu_1cpp_pkg/cmake/qiu_1cpp_pkgConfig-version.cmake
-- Up-to-date: /home/qiu/ros2024/chapter2_ws/install/qiu_1cpp_pkg/share/qiu_1cpp_pkg/package.xml
