[0.015s] Invoking command in '/home/qiu/ros2024/kunkun_chapter2_ws/hellopublic/build/qiu_1cpp_pkg': CMAKE_PREFIX_PATH=/opt/ros/foxy CONDA_PROMPT_MODIFIER=(base) /usr/bin/cmake --build /home/qiu/ros2024/kunkun_chapter2_ws/hellopublic/build/qiu_1cpp_pkg -- -j16 -l16
[0.147s] [35m[1mScanning dependencies of target ros2_cpp_node[0m
[0.148s] [100%] Built target ros2_cpp_node
[0.148s] CMake Error: The current CMakeCache.txt directory /home/qiu/ros2024/kunkun_chapter2_ws/hellopublic/build/qiu_1cpp_pkg/CMakeCache.txt is different than the directory /home/qiu/ros2024/chapter2_ws/build/qiu_1cpp_pkg where CMakeCache.txt was created. This may result in binaries being created in the wrong place. If you are not sure, reedit the CMakeCache.txt
[0.279s] Invoked command in '/home/qiu/ros2024/kunkun_chapter2_ws/hellopublic/build/qiu_1cpp_pkg' returned '0': CMAKE_PREFIX_PATH=/opt/ros/foxy CONDA_PROMPT_MODIFIER=(base) /usr/bin/cmake --build /home/qiu/ros2024/kunkun_chapter2_ws/hellopublic/build/qiu_1cpp_pkg -- -j16 -l16
[0.301s] Invoking command in '/home/qiu/ros2024/kunkun_chapter2_ws/hellopublic/build/qiu_1cpp_pkg': CMAKE_PREFIX_PATH=/opt/ros/foxy CONDA_PROMPT_MODIFIER=(base) /usr/bin/cmake --install /home/qiu/ros2024/kunkun_chapter2_ws/hellopublic/build/qiu_1cpp_pkg
[0.306s] -- Install configuration: ""
[0.306s] -- Up-to-date: /home/qiu/ros2024/chapter2_ws/install/qiu_1cpp_pkg/lib/qiu_1cpp_pkg/ros2_cpp_node
[0.306s] -- Up-to-date: /home/qiu/ros2024/chapter2_ws/install/qiu_1cpp_pkg/share/ament_index/resource_index/package_run_dependencies/qiu_1cpp_pkg
[0.306s] -- Up-to-date: /home/qiu/ros2024/chapter2_ws/install/qiu_1cpp_pkg/share/ament_index/resource_index/parent_prefix_path/qiu_1cpp_pkg
[0.306s] -- Up-to-date: /home/qiu/ros2024/chapter2_ws/install/qiu_1cpp_pkg/share/qiu_1cpp_pkg/environment/ament_prefix_path.sh
[0.306s] -- Up-to-date: /home/qiu/ros2024/chapter2_ws/install/qiu_1cpp_pkg/share/qiu_1cpp_pkg/environment/ament_prefix_path.dsv
[0.306s] -- Up-to-date: /home/qiu/ros2024/chapter2_ws/install/qiu_1cpp_pkg/share/qiu_1cpp_pkg/environment/path.sh
[0.306s] -- Up-to-date: /home/qiu/ros2024/chapter2_ws/install/qiu_1cpp_pkg/share/qiu_1cpp_pkg/environment/path.dsv
[0.307s] -- Up-to-date: /home/qiu/ros2024/chapter2_ws/install/qiu_1cpp_pkg/share/qiu_1cpp_pkg/local_setup.bash
[0.307s] -- Up-to-date: /home/qiu/ros2024/chapter2_ws/install/qiu_1cpp_pkg/share/qiu_1cpp_pkg/local_setup.sh
[0.307s] -- Up-to-date: /home/qiu/ros2024/chapter2_ws/install/qiu_1cpp_pkg/share/qiu_1cpp_pkg/local_setup.zsh
[0.307s] -- Up-to-date: /home/qiu/ros2024/chapter2_ws/install/qiu_1cpp_pkg/share/qiu_1cpp_pkg/local_setup.dsv
[0.307s] -- Installing: /home/qiu/ros2024/chapter2_ws/install/qiu_1cpp_pkg/share/qiu_1cpp_pkg/package.dsv
[0.307s] -- Up-to-date: /home/qiu/ros2024/chapter2_ws/install/qiu_1cpp_pkg/share/ament_index/resource_index/packages/qiu_1cpp_pkg
[0.307s] -- Up-to-date: /home/qiu/ros2024/chapter2_ws/install/qiu_1cpp_pkg/share/qiu_1cpp_pkg/cmake/qiu_1cpp_pkgConfig.cmake
[0.307s] -- Up-to-date: /home/qiu/ros2024/chapter2_ws/install/qiu_1cpp_pkg/share/qiu_1cpp_pkg/cmake/qiu_1cpp_pkgConfig-version.cmake
[0.307s] -- Up-to-date: /home/qiu/ros2024/chapter2_ws/install/qiu_1cpp_pkg/share/qiu_1cpp_pkg/package.xml
[0.308s] Invoked command in '/home/qiu/ros2024/kunkun_chapter2_ws/hellopublic/build/qiu_1cpp_pkg' returned '0': CMAKE_PREFIX_PATH=/opt/ros/foxy CONDA_PROMPT_MODIFIER=(base) /usr/bin/cmake --install /home/qiu/ros2024/kunkun_chapter2_ws/hellopublic/build/qiu_1cpp_pkg
