[0.565s] Invoking command in '/home/qiu/ros2024/kunkun_chapter2_ws/hellopublic/src/qiu_second_node_pkg': CONDA_PROMPT_MODIFIER=(base) PYTHONPATH=/home/qiu/ros2024/kunkun_chapter2_ws/hellopublic/build/qiu_second_node_pkg/prefix_override:/usr/lib/python3/dist-packages/colcon_core/task/python/colcon_distutils_commands:/home/qiu/ros2024/kunkun_chapter2_ws/hellopublic/install/qiu_second_node_pkg/lib/python3.8/site-packages:${PYTHONPATH} /usr/bin/python3 -W ignore:setup.py install is deprecated setup.py egg_info --egg-base ../../build/qiu_second_node_pkg build --build-base /home/qiu/ros2024/kunkun_chapter2_ws/hellopublic/build/qiu_second_node_pkg/build install --record /home/qiu/ros2024/kunkun_chapter2_ws/hellopublic/build/qiu_second_node_pkg/install.log --install-scripts $base/lib/qiu_second_node_pkg --single-version-externally-managed install_data
[0.695s] running egg_info
[0.695s] creating ../../build/qiu_second_node_pkg/qiu_second_node_pkg.egg-info
[0.695s] writing ../../build/qiu_second_node_pkg/qiu_second_node_pkg.egg-info/PKG-INFO
[0.695s] writing dependency_links to ../../build/qiu_second_node_pkg/qiu_second_node_pkg.egg-info/dependency_links.txt
[0.696s] writing entry points to ../../build/qiu_second_node_pkg/qiu_second_node_pkg.egg-info/entry_points.txt
[0.696s] writing requirements to ../../build/qiu_second_node_pkg/qiu_second_node_pkg.egg-info/requires.txt
[0.696s] writing top-level names to ../../build/qiu_second_node_pkg/qiu_second_node_pkg.egg-info/top_level.txt
[0.697s] writing manifest file '../../build/qiu_second_node_pkg/qiu_second_node_pkg.egg-info/SOURCES.txt'
[0.720s] reading manifest file '../../build/qiu_second_node_pkg/qiu_second_node_pkg.egg-info/SOURCES.txt'
[0.721s] writing manifest file '../../build/qiu_second_node_pkg/qiu_second_node_pkg.egg-info/SOURCES.txt'
[0.721s] running build
[0.721s] running build_py
[0.721s] creating /home/qiu/ros2024/kunkun_chapter2_ws/hellopublic/build/qiu_second_node_pkg/build
[0.721s] creating /home/qiu/ros2024/kunkun_chapter2_ws/hellopublic/build/qiu_second_node_pkg/build/lib
[0.721s] creating /home/qiu/ros2024/kunkun_chapter2_ws/hellopublic/build/qiu_second_node_pkg/build/lib/qiu_second_node_pkg
[0.721s] copying qiu_second_node_pkg/__init__.py -> /home/qiu/ros2024/kunkun_chapter2_ws/hellopublic/build/qiu_second_node_pkg/build/lib/qiu_second_node_pkg
[0.721s] copying qiu_second_node_pkg/writer.py -> /home/qiu/ros2024/kunkun_chapter2_ws/hellopublic/build/qiu_second_node_pkg/build/lib/qiu_second_node_pkg
[0.721s] copying qiu_second_node_pkg/node.py -> /home/qiu/ros2024/kunkun_chapter2_ws/hellopublic/build/qiu_second_node_pkg/build/lib/qiu_second_node_pkg
[0.721s] copying qiu_second_node_pkg/person.py -> /home/qiu/ros2024/kunkun_chapter2_ws/hellopublic/build/qiu_second_node_pkg/build/lib/qiu_second_node_pkg
[0.721s] running install
[0.722s] running install_lib
[0.723s] creating /home/qiu/ros2024/kunkun_chapter2_ws/hellopublic/install/qiu_second_node_pkg/lib/python3.8/site-packages/qiu_second_node_pkg
[0.723s] copying /home/qiu/ros2024/kunkun_chapter2_ws/hellopublic/build/qiu_second_node_pkg/build/lib/qiu_second_node_pkg/__init__.py -> /home/qiu/ros2024/kunkun_chapter2_ws/hellopublic/install/qiu_second_node_pkg/lib/python3.8/site-packages/qiu_second_node_pkg
[0.723s] copying /home/qiu/ros2024/kunkun_chapter2_ws/hellopublic/build/qiu_second_node_pkg/build/lib/qiu_second_node_pkg/writer.py -> /home/qiu/ros2024/kunkun_chapter2_ws/hellopublic/install/qiu_second_node_pkg/lib/python3.8/site-packages/qiu_second_node_pkg
[0.723s] copying /home/qiu/ros2024/kunkun_chapter2_ws/hellopublic/build/qiu_second_node_pkg/build/lib/qiu_second_node_pkg/node.py -> /home/qiu/ros2024/kunkun_chapter2_ws/hellopublic/install/qiu_second_node_pkg/lib/python3.8/site-packages/qiu_second_node_pkg
[0.723s] copying /home/qiu/ros2024/kunkun_chapter2_ws/hellopublic/build/qiu_second_node_pkg/build/lib/qiu_second_node_pkg/person.py -> /home/qiu/ros2024/kunkun_chapter2_ws/hellopublic/install/qiu_second_node_pkg/lib/python3.8/site-packages/qiu_second_node_pkg
[0.724s] byte-compiling /home/qiu/ros2024/kunkun_chapter2_ws/hellopublic/install/qiu_second_node_pkg/lib/python3.8/site-packages/qiu_second_node_pkg/__init__.py to __init__.cpython-38.pyc
[0.725s] byte-compiling /home/qiu/ros2024/kunkun_chapter2_ws/hellopublic/install/qiu_second_node_pkg/lib/python3.8/site-packages/qiu_second_node_pkg/writer.py to writer.cpython-38.pyc
[0.725s] byte-compiling /home/qiu/ros2024/kunkun_chapter2_ws/hellopublic/install/qiu_second_node_pkg/lib/python3.8/site-packages/qiu_second_node_pkg/node.py to node.cpython-38.pyc
[0.725s] byte-compiling /home/qiu/ros2024/kunkun_chapter2_ws/hellopublic/install/qiu_second_node_pkg/lib/python3.8/site-packages/qiu_second_node_pkg/person.py to person.cpython-38.pyc
[0.725s] running install_data
[0.725s] creating /home/qiu/ros2024/kunkun_chapter2_ws/hellopublic/install/qiu_second_node_pkg/share/ament_index
[0.725s] creating /home/qiu/ros2024/kunkun_chapter2_ws/hellopublic/install/qiu_second_node_pkg/share/ament_index/resource_index
[0.726s] creating /home/qiu/ros2024/kunkun_chapter2_ws/hellopublic/install/qiu_second_node_pkg/share/ament_index/resource_index/packages
[0.726s] copying resource/qiu_second_node_pkg -> /home/qiu/ros2024/kunkun_chapter2_ws/hellopublic/install/qiu_second_node_pkg/share/ament_index/resource_index/packages
[0.726s] copying package.xml -> /home/qiu/ros2024/kunkun_chapter2_ws/hellopublic/install/qiu_second_node_pkg/share/qiu_second_node_pkg
[0.726s] running install_egg_info
[0.727s] Copying ../../build/qiu_second_node_pkg/qiu_second_node_pkg.egg-info to /home/qiu/ros2024/kunkun_chapter2_ws/hellopublic/install/qiu_second_node_pkg/lib/python3.8/site-packages/qiu_second_node_pkg-0.0.0-py3.8.egg-info
[0.728s] running install_scripts
[0.740s] Installing person_node script to /home/qiu/ros2024/kunkun_chapter2_ws/hellopublic/install/qiu_second_node_pkg/lib/qiu_second_node_pkg
[0.741s] Installing qiu_seconde_pkg_node script to /home/qiu/ros2024/kunkun_chapter2_ws/hellopublic/install/qiu_second_node_pkg/lib/qiu_second_node_pkg
[0.741s] Installing writer_node script to /home/qiu/ros2024/kunkun_chapter2_ws/hellopublic/install/qiu_second_node_pkg/lib/qiu_second_node_pkg
[0.741s] writing list of installed files to '/home/qiu/ros2024/kunkun_chapter2_ws/hellopublic/build/qiu_second_node_pkg/install.log'
[0.757s] Invoked command in '/home/qiu/ros2024/kunkun_chapter2_ws/hellopublic/src/qiu_second_node_pkg' returned '0': CONDA_PROMPT_MODIFIER=(base) PYTHONPATH=/home/qiu/ros2024/kunkun_chapter2_ws/hellopublic/build/qiu_second_node_pkg/prefix_override:/usr/lib/python3/dist-packages/colcon_core/task/python/colcon_distutils_commands:/home/qiu/ros2024/kunkun_chapter2_ws/hellopublic/install/qiu_second_node_pkg/lib/python3.8/site-packages:${PYTHONPATH} /usr/bin/python3 -W ignore:setup.py install is deprecated setup.py egg_info --egg-base ../../build/qiu_second_node_pkg build --build-base /home/qiu/ros2024/kunkun_chapter2_ws/hellopublic/build/qiu_second_node_pkg/build install --record /home/qiu/ros2024/kunkun_chapter2_ws/hellopublic/build/qiu_second_node_pkg/install.log --install-scripts $base/lib/qiu_second_node_pkg --single-version-externally-managed install_data
